DEBUG - 2025-07-30 17:36:25 --> Session: Class initialized using 'CodeIgniter\Session\Handlers\FileHandler' driver.
DEBUG - 2025-07-30 17:57:19 --> Session: Class initialized using 'CodeIgniter\Session\Handlers\FileHandler' driver.
DEBUG - 2025-07-30 17:57:21 --> Session: Class initialized using 'CodeIgniter\Session\Handlers\FileHandler' driver.
DEBUG - 2025-07-30 18:03:40 --> Session: Class initialized using 'CodeIgniter\Session\Handlers\FileHandler' driver.
DEBUG - 2025-07-30 18:08:40 --> Session: Class initialized using 'CodeIgniter\Session\Handlers\FileHandler' driver.
DEBUG - 2025-07-30 18:10:45 --> Session: Class initialized using 'CodeIgniter\Session\Handlers\FileHandler' driver.
DEBUG - 2025-07-30 18:11:32 --> Session: Class initialized using 'CodeIgniter\Session\Handlers\FileHandler' driver.
DEBUG - 2025-07-30 18:17:17 --> Session: Class initialized using 'CodeIgniter\Session\Handlers\FileHandler' driver.
ERROR - 2025-07-30 18:18:54 --> mysqli_sql_exception: Duplicate entry '1' for key 'PRIMARY' in C:\xampp\htdocs\ci4\system\Database\MySQLi\Connection.php:327
Stack trace:
#0 C:\xampp\htdocs\ci4\system\Database\MySQLi\Connection.php(327): mysqli->query('INSERT INTO `ro...', 0)
#1 C:\xampp\htdocs\ci4\system\Database\BaseConnection.php(738): CodeIgniter\Database\MySQLi\Connection->execute('INSERT INTO `ro...')
#2 C:\xampp\htdocs\ci4\system\Database\BaseConnection.php(652): CodeIgniter\Database\BaseConnection->simpleQuery('INSERT INTO `ro...')
#3 C:\xampp\htdocs\ci4\system\Database\BaseBuilder.php(2345): CodeIgniter\Database\BaseConnection->query('INSERT INTO `ro...', Array, false)
#4 C:\xampp\htdocs\ci4\app\Database\Seeds\Role.php(19): CodeIgniter\Database\BaseBuilder->insert(Array)
#5 C:\xampp\htdocs\ci4\system\Database\Seeder.php(149): App\Database\Seeds\Role->run()
#6 C:\xampp\htdocs\ci4\system\Commands\Database\Seed.php(79): CodeIgniter\Database\Seeder->call('App\\Database\\Se...')
#7 C:\xampp\htdocs\ci4\system\CLI\Commands.php(74): CodeIgniter\Commands\Database\Seed->run(Array)
#8 C:\xampp\htdocs\ci4\system\CLI\Console.php(47): CodeIgniter\CLI\Commands->run('db:seed', Array)
#9 C:\xampp\htdocs\ci4\system\Boot.php(360): CodeIgniter\CLI\Console->run()
#10 C:\xampp\htdocs\ci4\system\Boot.php(104): CodeIgniter\Boot::runCommand(Object(CodeIgniter\CLI\Console))
#11 C:\xampp\htdocs\ci4\spark(87): CodeIgniter\Boot::bootSpark(Object(Config\Paths))
#12 {main}
ERROR - 2025-07-30 18:19:06 --> mysqli_sql_exception: Duplicate entry '122' for key 'PRIMARY' in C:\xampp\htdocs\ci4\system\Database\MySQLi\Connection.php:327
Stack trace:
#0 C:\xampp\htdocs\ci4\system\Database\MySQLi\Connection.php(327): mysqli->query('INSERT INTO `em...', 0)
#1 C:\xampp\htdocs\ci4\system\Database\BaseConnection.php(738): CodeIgniter\Database\MySQLi\Connection->execute('INSERT INTO `em...')
#2 C:\xampp\htdocs\ci4\system\Database\BaseConnection.php(652): CodeIgniter\Database\BaseConnection->simpleQuery('INSERT INTO `em...')
#3 C:\xampp\htdocs\ci4\system\Database\BaseBuilder.php(2345): CodeIgniter\Database\BaseConnection->query('INSERT INTO `em...', Array, false)
#4 C:\xampp\htdocs\ci4\app\Database\Seeds\User.php(22): CodeIgniter\Database\BaseBuilder->insert(Array)
#5 C:\xampp\htdocs\ci4\system\Database\Seeder.php(149): App\Database\Seeds\User->run()
#6 C:\xampp\htdocs\ci4\system\Commands\Database\Seed.php(79): CodeIgniter\Database\Seeder->call('App\\Database\\Se...')
#7 C:\xampp\htdocs\ci4\system\CLI\Commands.php(74): CodeIgniter\Commands\Database\Seed->run(Array)
#8 C:\xampp\htdocs\ci4\system\CLI\Console.php(47): CodeIgniter\CLI\Commands->run('db:seed', Array)
#9 C:\xampp\htdocs\ci4\system\Boot.php(360): CodeIgniter\CLI\Console->run()
#10 C:\xampp\htdocs\ci4\system\Boot.php(104): CodeIgniter\Boot::runCommand(Object(CodeIgniter\CLI\Console))
#11 C:\xampp\htdocs\ci4\spark(87): CodeIgniter\Boot::bootSpark(Object(Config\Paths))
#12 {main}
DEBUG - 2025-07-30 18:20:00 --> Session: Class initialized using 'CodeIgniter\Session\Handlers\FileHandler' driver.
