DEBUG - 2025-09-17 00:02:30 --> Session: Class initialized using 'CodeIgniter\Session\Handlers\FileHandler' driver.
DEBUG - 2025-09-17 00:02:35 --> Session: Class initialized using 'CodeIgniter\Session\Handlers\FileHandler' driver.
INFO - 2025-09-17 00:02:58 --> UpdateOrder - Order ID: 20
INFO - 2025-09-17 00:02:58 --> Current items in database: 27, 28
INFO - 2025-09-17 00:02:58 --> Submitted items from frontend: 27, 28
INFO - 2025-09-17 00:02:58 --> Updating item 27 with data: {"asset_num":"''(''('('('","serial_num":"\"''\"'\u00e8_\u00e8__","brand":"\u063a\u064a\u0631 \u0645\u062d\u062f\u062f","model_num":"","room_id":"4","note":""}
INFO - 2025-09-17 00:02:58 --> Item 27 updated successfully
INFO - 2025-09-17 00:02:58 --> Updating item 28 with data: {"asset_num":"\u00e8__\u00e8_","serial_num":"-((--(\u00e8","brand":"\u063a\u064a\u0631 \u0645\u062d\u062f\u062f","model_num":"","room_id":"4","note":""}
INFO - 2025-09-17 00:02:58 --> Item 28 updated successfully
INFO - 2025-09-17 00:02:58 --> Order 20 updated successfully
DEBUG - 2025-09-17 00:03:01 --> Session: Class initialized using 'CodeIgniter\Session\Handlers\FileHandler' driver.
DEBUG - 2025-09-17 00:07:12 --> Session: Class initialized using 'CodeIgniter\Session\Handlers\FileHandler' driver.
DEBUG - 2025-09-17 00:07:16 --> Session: Class initialized using 'CodeIgniter\Session\Handlers\FileHandler' driver.
DEBUG - 2025-09-17 00:07:22 --> Session: Class initialized using 'CodeIgniter\Session\Handlers\FileHandler' driver.
DEBUG - 2025-09-17 06:35:49 --> Session: Class initialized using 'CodeIgniter\Session\Handlers\FileHandler' driver.
INFO - 2025-09-17 06:35:49 --> تم حذف الطلب 20 مع 2 عنصر بواسطة المستخدم 
DEBUG - 2025-09-17 06:35:57 --> Session: Class initialized using 'CodeIgniter\Session\Handlers\FileHandler' driver.
INFO - 2025-09-17 06:36:35 --> UpdateOrder - Order ID: 19
INFO - 2025-09-17 06:36:35 --> Current items in database: 26
INFO - 2025-09-17 06:36:35 --> Submitted items from frontend: 26
INFO - 2025-09-17 06:36:35 --> Updating item 26 with data: {"asset_num":"==&=&=&=&=","serial_num":")&)&)&))&)&","brand":"\u063a\u064a\u0631 \u0645\u062d\u062f\u062f","model_num":"","room_id":"3","note":""}
INFO - 2025-09-17 06:36:35 --> Item 26 updated successfully
DEBUG - 2025-09-17 06:36:35 --> Session: Class initialized using 'CodeIgniter\Session\Handlers\FileHandler' driver.
INFO - 2025-09-17 06:36:35 --> New item added successfully to order 19
INFO - 2025-09-17 06:36:35 --> Order 19 updated successfully
DEBUG - 2025-09-17 06:36:37 --> Session: Class initialized using 'CodeIgniter\Session\Handlers\FileHandler' driver.
CRITICAL - 2025-09-17 06:36:37 --> App\Exceptions\AuthenticationException: يجب تسجيل الدخول للوصول إلى هذه الصفحة
[Method: GET, Route: InventoryController]
in APPPATH\Controllers\InventoryController.php on line 57.
 1 SYSTEMPATH\CodeIgniter.php(933): App\Controllers\InventoryController->index()
 2 SYSTEMPATH\CodeIgniter.php(507): CodeIgniter\CodeIgniter->runController(Object(App\Controllers\InventoryController))
 3 SYSTEMPATH\CodeIgniter.php(354): CodeIgniter\CodeIgniter->handleRequest(null, Object(Config\Cache), false)
 4 SYSTEMPATH\Boot.php(334): CodeIgniter\CodeIgniter->run()
 5 SYSTEMPATH\Boot.php(67): CodeIgniter\Boot::runCodeIgniter(Object(CodeIgniter\CodeIgniter))
 6 FCPATH\index.php(59): CodeIgniter\Boot::bootWeb(Object(Config\Paths))
DEBUG - 2025-09-17 06:36:40 --> Session: Class initialized using 'CodeIgniter\Session\Handlers\FileHandler' driver.
DEBUG - 2025-09-17 06:36:43 --> Session: Class initialized using 'CodeIgniter\Session\Handlers\FileHandler' driver.
DEBUG - 2025-09-17 06:36:44 --> Session: Class initialized using 'CodeIgniter\Session\Handlers\FileHandler' driver.
DEBUG - 2025-09-17 06:36:47 --> Session: Class initialized using 'CodeIgniter\Session\Handlers\FileHandler' driver.
DEBUG - 2025-09-17 06:36:54 --> Session: Class initialized using 'CodeIgniter\Session\Handlers\FileHandler' driver.
DEBUG - 2025-09-17 06:37:03 --> Session: Class initialized using 'CodeIgniter\Session\Handlers\FileHandler' driver.
INFO - 2025-09-17 06:37:03 --> تم حذف العنصر لابتوب HP EliteBook 840 (رقم الأصول: àç_è-('"'(-è) من الطلب 19 بواسطة المستخدم 33
INFO - 2025-09-17 06:37:58 --> UpdateOrder - Order ID: 19
INFO - 2025-09-17 06:37:58 --> Current items in database: 26
INFO - 2025-09-17 06:37:58 --> Submitted items from frontend: 26
INFO - 2025-09-17 06:37:58 --> Updating item 26 with data: {"asset_num":"==&=&=&=&=","serial_num":")&)&)&))&)&","brand":"\u063a\u064a\u0631 \u0645\u062d\u062f\u062f","model_num":"","room_id":"3","note":""}
INFO - 2025-09-17 06:37:58 --> Item 26 updated successfully
INFO - 2025-09-17 06:37:58 --> Order 19 updated successfully
DEBUG - 2025-09-17 06:38:00 --> Session: Class initialized using 'CodeIgniter\Session\Handlers\FileHandler' driver.
DEBUG - 2025-09-17 06:38:42 --> Session: Class initialized using 'CodeIgniter\Session\Handlers\FileHandler' driver.
CRITICAL - 2025-09-17 06:45:20 --> ParseError: syntax error, unexpected token "public"
[Method: GET, Route: InventoryController]
in APPPATH\Controllers\InventoryController.php on line 1003.
 1 SYSTEMPATH\Router\Router.php(567): CodeIgniter\Router\AutoRouter->getRoute('InventoryController', 'GET')
 2 SYSTEMPATH\Router\Router.php(231): CodeIgniter\Router\Router->autoRoute('InventoryController')
 3 SYSTEMPATH\CodeIgniter.php(832): CodeIgniter\Router\Router->handle('InventoryController')
 4 SYSTEMPATH\CodeIgniter.php(455): CodeIgniter\CodeIgniter->tryToRouteIt(Object(CodeIgniter\Router\RouteCollection))
 5 SYSTEMPATH\CodeIgniter.php(354): CodeIgniter\CodeIgniter->handleRequest(null, Object(Config\Cache), false)
 6 SYSTEMPATH\Boot.php(334): CodeIgniter\CodeIgniter->run()
 7 SYSTEMPATH\Boot.php(67): CodeIgniter\Boot::runCodeIgniter(Object(CodeIgniter\CodeIgniter))
 8 FCPATH\index.php(59): CodeIgniter\Boot::bootWeb(Object(Config\Paths))
DEBUG - 2025-09-17 06:46:19 --> Session: Class initialized using 'CodeIgniter\Session\Handlers\FileHandler' driver.
DEBUG - 2025-09-17 06:46:37 --> Session: Class initialized using 'CodeIgniter\Session\Handlers\FileHandler' driver.
CRITICAL - 2025-09-17 06:46:37 --> ErrorException: Undefined property: App\Controllers\InventoryController::$db
[Method: POST, Route: InventoryController/bulkDeleteOrders]
in APPPATH\Controllers\InventoryController.php on line 445.
 1 APPPATH\Controllers\InventoryController.php(445): CodeIgniter\Debug\Exceptions->errorHandler(2, 'Undefined property: App\\Controllers\\InventoryController::$db', 'C:\\Users\\by-u\\OneDrive\\Desktop\\cl_ws\\htdocs\\inventory3\\app\\Controllers\\InventoryController.php', 445)
 2 SYSTEMPATH\CodeIgniter.php(933): App\Controllers\InventoryController->bulkDeleteOrders()
 3 SYSTEMPATH\CodeIgniter.php(507): CodeIgniter\CodeIgniter->runController(Object(App\Controllers\InventoryController))
 4 SYSTEMPATH\CodeIgniter.php(354): CodeIgniter\CodeIgniter->handleRequest(null, Object(Config\Cache), false)
 5 SYSTEMPATH\Boot.php(334): CodeIgniter\CodeIgniter->run()
 6 SYSTEMPATH\Boot.php(67): CodeIgniter\Boot::runCodeIgniter(Object(CodeIgniter\CodeIgniter))
 7 FCPATH\index.php(59): CodeIgniter\Boot::bootWeb(Object(Config\Paths))
DEBUG - 2025-09-17 06:46:48 --> Session: Class initialized using 'CodeIgniter\Session\Handlers\FileHandler' driver.
CRITICAL - 2025-09-17 06:46:48 --> ErrorException: Undefined property: App\Controllers\InventoryController::$db
[Method: POST, Route: InventoryController/bulkDeleteOrders]
in APPPATH\Controllers\InventoryController.php on line 445.
 1 APPPATH\Controllers\InventoryController.php(445): CodeIgniter\Debug\Exceptions->errorHandler(2, 'Undefined property: App\\Controllers\\InventoryController::$db', 'C:\\Users\\by-u\\OneDrive\\Desktop\\cl_ws\\htdocs\\inventory3\\app\\Controllers\\InventoryController.php', 445)
 2 SYSTEMPATH\CodeIgniter.php(933): App\Controllers\InventoryController->bulkDeleteOrders()
 3 SYSTEMPATH\CodeIgniter.php(507): CodeIgniter\CodeIgniter->runController(Object(App\Controllers\InventoryController))
 4 SYSTEMPATH\CodeIgniter.php(354): CodeIgniter\CodeIgniter->handleRequest(null, Object(Config\Cache), false)
 5 SYSTEMPATH\Boot.php(334): CodeIgniter\CodeIgniter->run()
 6 SYSTEMPATH\Boot.php(67): CodeIgniter\Boot::runCodeIgniter(Object(CodeIgniter\CodeIgniter))
 7 FCPATH\index.php(59): CodeIgniter\Boot::bootWeb(Object(Config\Paths))
DEBUG - 2025-09-17 06:47:18 --> Session: Class initialized using 'CodeIgniter\Session\Handlers\FileHandler' driver.
DEBUG - 2025-09-17 06:47:27 --> Session: Class initialized using 'CodeIgniter\Session\Handlers\FileHandler' driver.
CRITICAL - 2025-09-17 06:47:27 --> Error: Class "App\Models\OrderItemModel" not found
[Method: POST, Route: InventoryController/bulkDeleteOrders]
in APPPATH\Controllers\InventoryController.php on line 419.
 1 SYSTEMPATH\CodeIgniter.php(933): App\Controllers\InventoryController->bulkDeleteOrders()
 2 SYSTEMPATH\CodeIgniter.php(507): CodeIgniter\CodeIgniter->runController(Object(App\Controllers\InventoryController))
 3 SYSTEMPATH\CodeIgniter.php(354): CodeIgniter\CodeIgniter->handleRequest(null, Object(Config\Cache), false)
 4 SYSTEMPATH\Boot.php(334): CodeIgniter\CodeIgniter->run()
 5 SYSTEMPATH\Boot.php(67): CodeIgniter\Boot::runCodeIgniter(Object(CodeIgniter\CodeIgniter))
 6 FCPATH\index.php(59): CodeIgniter\Boot::bootWeb(Object(Config\Paths))
DEBUG - 2025-09-17 06:47:33 --> Session: Class initialized using 'CodeIgniter\Session\Handlers\FileHandler' driver.
CRITICAL - 2025-09-17 06:47:33 --> Error: Class "App\Models\OrderItemModel" not found
[Method: POST, Route: InventoryController/bulkDeleteOrders]
in APPPATH\Controllers\InventoryController.php on line 419.
 1 SYSTEMPATH\CodeIgniter.php(933): App\Controllers\InventoryController->bulkDeleteOrders()
 2 SYSTEMPATH\CodeIgniter.php(507): CodeIgniter\CodeIgniter->runController(Object(App\Controllers\InventoryController))
 3 SYSTEMPATH\CodeIgniter.php(354): CodeIgniter\CodeIgniter->handleRequest(null, Object(Config\Cache), false)
 4 SYSTEMPATH\Boot.php(334): CodeIgniter\CodeIgniter->run()
 5 SYSTEMPATH\Boot.php(67): CodeIgniter\Boot::runCodeIgniter(Object(CodeIgniter\CodeIgniter))
 6 FCPATH\index.php(59): CodeIgniter\Boot::bootWeb(Object(Config\Paths))
DEBUG - 2025-09-17 06:47:37 --> Session: Class initialized using 'CodeIgniter\Session\Handlers\FileHandler' driver.
CRITICAL - 2025-09-17 06:47:37 --> Error: Class "App\Models\OrderItemModel" not found
[Method: POST, Route: InventoryController/bulkDeleteOrders]
in APPPATH\Controllers\InventoryController.php on line 419.
 1 SYSTEMPATH\CodeIgniter.php(933): App\Controllers\InventoryController->bulkDeleteOrders()
 2 SYSTEMPATH\CodeIgniter.php(507): CodeIgniter\CodeIgniter->runController(Object(App\Controllers\InventoryController))
 3 SYSTEMPATH\CodeIgniter.php(354): CodeIgniter\CodeIgniter->handleRequest(null, Object(Config\Cache), false)
 4 SYSTEMPATH\Boot.php(334): CodeIgniter\CodeIgniter->run()
 5 SYSTEMPATH\Boot.php(67): CodeIgniter\Boot::runCodeIgniter(Object(CodeIgniter\CodeIgniter))
 6 FCPATH\index.php(59): CodeIgniter\Boot::bootWeb(Object(Config\Paths))
DEBUG - 2025-09-17 06:47:59 --> Session: Class initialized using 'CodeIgniter\Session\Handlers\FileHandler' driver.
CRITICAL - 2025-09-17 06:47:59 --> Error: Class "App\Models\OrderItemModel" not found
[Method: POST, Route: InventoryController/bulkDeleteOrders]
in APPPATH\Controllers\InventoryController.php on line 419.
 1 SYSTEMPATH\CodeIgniter.php(933): App\Controllers\InventoryController->bulkDeleteOrders()
 2 SYSTEMPATH\CodeIgniter.php(507): CodeIgniter\CodeIgniter->runController(Object(App\Controllers\InventoryController))
 3 SYSTEMPATH\CodeIgniter.php(354): CodeIgniter\CodeIgniter->handleRequest(null, Object(Config\Cache), false)
 4 SYSTEMPATH\Boot.php(334): CodeIgniter\CodeIgniter->run()
 5 SYSTEMPATH\Boot.php(67): CodeIgniter\Boot::runCodeIgniter(Object(CodeIgniter\CodeIgniter))
 6 FCPATH\index.php(59): CodeIgniter\Boot::bootWeb(Object(Config\Paths))
DEBUG - 2025-09-17 06:51:43 --> Session: Class initialized using 'CodeIgniter\Session\Handlers\FileHandler' driver.
DEBUG - 2025-09-17 06:52:27 --> Session: Class initialized using 'CodeIgniter\Session\Handlers\FileHandler' driver.
DEBUG - 2025-09-17 07:01:41 --> Session: Class initialized using 'CodeIgniter\Session\Handlers\FileHandler' driver.
DEBUG - 2025-09-17 07:01:51 --> Session: Class initialized using 'CodeIgniter\Session\Handlers\FileHandler' driver.
DEBUG - 2025-09-17 07:02:58 --> Session: Class initialized using 'CodeIgniter\Session\Handlers\FileHandler' driver.
DEBUG - 2025-09-17 07:03:04 --> Session: Class initialized using 'CodeIgniter\Session\Handlers\FileHandler' driver.
