DEBUG - 2025-08-01 00:23:03 --> Session: Class initialized using 'CodeIgniter\Session\Handlers\FileHandler' driver.
DEBUG - 2025-08-01 00:23:10 --> Session: Class initialized using 'CodeIgniter\Session\Handlers\FileHandler' driver.
CRITICAL - 2025-08-01 00:24:41 --> Error: Class "App\Controllers\ItemEntity" not found
[Method: POST, Route: warehouse/addNewItem]
in APPPATH\Controllers\warehouse.php on line 48.
 1 SYSTEMPATH\CodeIgniter.php(933): App\Controllers\warehouse->addNewItem()
 2 SYSTEMPATH\CodeIgniter.php(507): CodeIgniter\CodeIgniter->runController(Object(App\Controllers\warehouse))
 3 SYSTEMPATH\CodeIgniter.php(354): CodeIgniter\CodeIgniter->handleRequest(null, Object(Config\Cache), false)
 4 SYSTEMPATH\Boot.php(334): CodeIgniter\CodeIgniter->run()
 5 SYSTEMPATH\Boot.php(67): CodeIgniter\Boot::runCodeIgniter(Object(CodeIgniter\CodeIgniter))
 6 FCPATH\index.php(59): CodeIgniter\Boot::bootWeb(Object(Config\Paths))
ERROR - 2025-08-01 00:35:36 --> mysqli_sql_exception: Cannot add or update a child row: a foreign key constraint fails (`ci4`.`items`, CONSTRAINT `foreign key` FOREIGN KEY (`categoryFK`) REFERENCES `item_category` (`category`)) in C:\xampp\htdocs\ci4\system\Database\MySQLi\Connection.php:327
Stack trace:
#0 C:\xampp\htdocs\ci4\system\Database\MySQLi\Connection.php(327): mysqli->query('INSERT INTO `it...', 0)
#1 C:\xampp\htdocs\ci4\system\Database\BaseConnection.php(738): CodeIgniter\Database\MySQLi\Connection->execute('INSERT INTO `it...')
#2 C:\xampp\htdocs\ci4\system\Database\BaseConnection.php(652): CodeIgniter\Database\BaseConnection->simpleQuery('INSERT INTO `it...')
#3 C:\xampp\htdocs\ci4\system\Database\BaseBuilder.php(2345): CodeIgniter\Database\BaseConnection->query('INSERT INTO `it...', Array, false)
#4 C:\xampp\htdocs\ci4\system\Model.php(394): CodeIgniter\Database\BaseBuilder->insert()
#5 C:\xampp\htdocs\ci4\system\BaseModel.php(843): CodeIgniter\Model->doInsert(Array)
#6 C:\xampp\htdocs\ci4\system\Model.php(800): CodeIgniter\BaseModel->insert(Array, true)
#7 C:\xampp\htdocs\ci4\app\Controllers\warehouse.php(51): CodeIgniter\Model->insert(Object(App\Entities\Item))
#8 C:\xampp\htdocs\ci4\system\CodeIgniter.php(933): App\Controllers\warehouse->addNewItem()
#9 C:\xampp\htdocs\ci4\system\CodeIgniter.php(507): CodeIgniter\CodeIgniter->runController(Object(App\Controllers\warehouse))
#10 C:\xampp\htdocs\ci4\system\CodeIgniter.php(354): CodeIgniter\CodeIgniter->handleRequest(NULL, Object(Config\Cache), false)
#11 C:\xampp\htdocs\ci4\system\Boot.php(334): CodeIgniter\CodeIgniter->run()
#12 C:\xampp\htdocs\ci4\system\Boot.php(67): CodeIgniter\Boot::runCodeIgniter(Object(CodeIgniter\CodeIgniter))
#13 C:\xampp\htdocs\ci4\index.php(59): CodeIgniter\Boot::bootWeb(Object(Config\Paths))
#14 {main}
CRITICAL - 2025-08-01 00:35:36 --> CodeIgniter\Database\Exceptions\DatabaseException: Cannot add or update a child row: a foreign key constraint fails (`ci4`.`items`, CONSTRAINT `foreign key` FOREIGN KEY (`categoryFK`) REFERENCES `item_category` (`category`))
[Method: POST, Route: warehouse/addNewItem]
in SYSTEMPATH\Database\BaseConnection.php on line 692.
 1 SYSTEMPATH\Database\BaseBuilder.php(2345): CodeIgniter\Database\BaseConnection->query('INSERT INTO `items` (`categoryFK`, `quantity`, `model_num`, `size`, `asset_num`, `serial_num`, `old_asset_num`, `note`, `item`) VALUES (:categoryFK:, :quantity:, :model_num:, :size:, :asset_num:, :serial_num:, :old_asset_num:, :note:, :item:)', [...], false)
 2 SYSTEMPATH\Model.php(394): CodeIgniter\Database\BaseBuilder->insert()
 3 SYSTEMPATH\BaseModel.php(843): CodeIgniter\Model->doInsert([...])
 4 SYSTEMPATH\Model.php(800): CodeIgniter\BaseModel->insert([...], true)
 5 APPPATH\Controllers\warehouse.php(51): CodeIgniter\Model->insert(Object(App\Entities\Item))
 6 SYSTEMPATH\CodeIgniter.php(933): App\Controllers\warehouse->addNewItem()
 7 SYSTEMPATH\CodeIgniter.php(507): CodeIgniter\CodeIgniter->runController(Object(App\Controllers\warehouse))
 8 SYSTEMPATH\CodeIgniter.php(354): CodeIgniter\CodeIgniter->handleRequest(null, Object(Config\Cache), false)
 9 SYSTEMPATH\Boot.php(334): CodeIgniter\CodeIgniter->run()
10 SYSTEMPATH\Boot.php(67): CodeIgniter\Boot::runCodeIgniter(Object(CodeIgniter\CodeIgniter))
11 FCPATH\index.php(59): CodeIgniter\Boot::bootWeb(Object(Config\Paths))
CRITICAL - 2025-08-01 00:35:36 --> [Caused by] CodeIgniter\Database\Exceptions\DatabaseException: Cannot add or update a child row: a foreign key constraint fails (`ci4`.`items`, CONSTRAINT `foreign key` FOREIGN KEY (`categoryFK`) REFERENCES `item_category` (`category`))
in SYSTEMPATH\Database\MySQLi\Connection.php on line 332.
 1 SYSTEMPATH\Database\BaseConnection.php(738): CodeIgniter\Database\MySQLi\Connection->execute('INSERT INTO `items` (`categoryFK`, `quantity`, `model_num`, `size`, `asset_num`, `serial_num`, `old_asset_num`, `note`, `item`) VALUES (\'\', \'\', \'\', \'\', \'\', \'\', \'\', \'\', \'laptop\')')
 2 SYSTEMPATH\Database\BaseConnection.php(652): CodeIgniter\Database\BaseConnection->simpleQuery('INSERT INTO `items` (`categoryFK`, `quantity`, `model_num`, `size`, `asset_num`, `serial_num`, `old_asset_num`, `note`, `item`) VALUES (\'\', \'\', \'\', \'\', \'\', \'\', \'\', \'\', \'laptop\')')
 3 SYSTEMPATH\Database\BaseBuilder.php(2345): CodeIgniter\Database\BaseConnection->query('INSERT INTO `items` (`categoryFK`, `quantity`, `model_num`, `size`, `asset_num`, `serial_num`, `old_asset_num`, `note`, `item`) VALUES (:categoryFK:, :quantity:, :model_num:, :size:, :asset_num:, :serial_num:, :old_asset_num:, :note:, :item:)', [...], false)
 4 SYSTEMPATH\Model.php(394): CodeIgniter\Database\BaseBuilder->insert()
 5 SYSTEMPATH\BaseModel.php(843): CodeIgniter\Model->doInsert([...])
 6 SYSTEMPATH\Model.php(800): CodeIgniter\BaseModel->insert([...], true)
 7 APPPATH\Controllers\warehouse.php(51): CodeIgniter\Model->insert(Object(App\Entities\Item))
 8 SYSTEMPATH\CodeIgniter.php(933): App\Controllers\warehouse->addNewItem()
 9 SYSTEMPATH\CodeIgniter.php(507): CodeIgniter\CodeIgniter->runController(Object(App\Controllers\warehouse))
10 SYSTEMPATH\CodeIgniter.php(354): CodeIgniter\CodeIgniter->handleRequest(null, Object(Config\Cache), false)
11 SYSTEMPATH\Boot.php(334): CodeIgniter\CodeIgniter->run()
12 SYSTEMPATH\Boot.php(67): CodeIgniter\Boot::runCodeIgniter(Object(CodeIgniter\CodeIgniter))
13 FCPATH\index.php(59): CodeIgniter\Boot::bootWeb(Object(Config\Paths))
CRITICAL - 2025-08-01 00:35:36 --> [Caused by] mysqli_sql_exception: Cannot add or update a child row: a foreign key constraint fails (`ci4`.`items`, CONSTRAINT `foreign key` FOREIGN KEY (`categoryFK`) REFERENCES `item_category` (`category`))
in SYSTEMPATH\Database\MySQLi\Connection.php on line 327.
 1 SYSTEMPATH\Database\MySQLi\Connection.php(327): mysqli->query('INSERT INTO `items` (`categoryFK`, `quantity`, `model_num`, `size`, `asset_num`, `serial_num`, `old_asset_num`, `note`, `item`) VALUES (\'\', \'\', \'\', \'\', \'\', \'\', \'\', \'\', \'laptop\')', 0)
 2 SYSTEMPATH\Database\BaseConnection.php(738): CodeIgniter\Database\MySQLi\Connection->execute('INSERT INTO `items` (`categoryFK`, `quantity`, `model_num`, `size`, `asset_num`, `serial_num`, `old_asset_num`, `note`, `item`) VALUES (\'\', \'\', \'\', \'\', \'\', \'\', \'\', \'\', \'laptop\')')
 3 SYSTEMPATH\Database\BaseConnection.php(652): CodeIgniter\Database\BaseConnection->simpleQuery('INSERT INTO `items` (`categoryFK`, `quantity`, `model_num`, `size`, `asset_num`, `serial_num`, `old_asset_num`, `note`, `item`) VALUES (\'\', \'\', \'\', \'\', \'\', \'\', \'\', \'\', \'laptop\')')
 4 SYSTEMPATH\Database\BaseBuilder.php(2345): CodeIgniter\Database\BaseConnection->query('INSERT INTO `items` (`categoryFK`, `quantity`, `model_num`, `size`, `asset_num`, `serial_num`, `old_asset_num`, `note`, `item`) VALUES (:categoryFK:, :quantity:, :model_num:, :size:, :asset_num:, :serial_num:, :old_asset_num:, :note:, :item:)', [...], false)
 5 SYSTEMPATH\Model.php(394): CodeIgniter\Database\BaseBuilder->insert()
 6 SYSTEMPATH\BaseModel.php(843): CodeIgniter\Model->doInsert([...])
 7 SYSTEMPATH\Model.php(800): CodeIgniter\BaseModel->insert([...], true)
 8 APPPATH\Controllers\warehouse.php(51): CodeIgniter\Model->insert(Object(App\Entities\Item))
 9 SYSTEMPATH\CodeIgniter.php(933): App\Controllers\warehouse->addNewItem()
10 SYSTEMPATH\CodeIgniter.php(507): CodeIgniter\CodeIgniter->runController(Object(App\Controllers\warehouse))
11 SYSTEMPATH\CodeIgniter.php(354): CodeIgniter\CodeIgniter->handleRequest(null, Object(Config\Cache), false)
12 SYSTEMPATH\Boot.php(334): CodeIgniter\CodeIgniter->run()
13 SYSTEMPATH\Boot.php(67): CodeIgniter\Boot::runCodeIgniter(Object(CodeIgniter\CodeIgniter))
14 FCPATH\index.php(59): CodeIgniter\Boot::bootWeb(Object(Config\Paths))
ERROR - 2025-08-01 01:16:36 --> mysqli_sql_exception: Cannot add or update a child row: a foreign key constraint fails (`ci4`.`items`, CONSTRAINT `foreign key` FOREIGN KEY (`categoryFK`) REFERENCES `item_category` (`category`)) in C:\xampp\htdocs\ci4\system\Database\MySQLi\Connection.php:327
Stack trace:
#0 C:\xampp\htdocs\ci4\system\Database\MySQLi\Connection.php(327): mysqli->query('INSERT INTO `it...', 0)
#1 C:\xampp\htdocs\ci4\system\Database\BaseConnection.php(738): CodeIgniter\Database\MySQLi\Connection->execute('INSERT INTO `it...')
#2 C:\xampp\htdocs\ci4\system\Database\BaseConnection.php(652): CodeIgniter\Database\BaseConnection->simpleQuery('INSERT INTO `it...')
#3 C:\xampp\htdocs\ci4\system\Database\BaseBuilder.php(2345): CodeIgniter\Database\BaseConnection->query('INSERT INTO `it...', Array, false)
#4 C:\xampp\htdocs\ci4\system\Model.php(394): CodeIgniter\Database\BaseBuilder->insert()
#5 C:\xampp\htdocs\ci4\system\BaseModel.php(843): CodeIgniter\Model->doInsert(Array)
#6 C:\xampp\htdocs\ci4\system\Model.php(800): CodeIgniter\BaseModel->insert(Array, true)
#7 C:\xampp\htdocs\ci4\app\Controllers\warehouse.php(51): CodeIgniter\Model->insert(Object(App\Entities\Item))
#8 C:\xampp\htdocs\ci4\system\CodeIgniter.php(933): App\Controllers\warehouse->addNewItem()
#9 C:\xampp\htdocs\ci4\system\CodeIgniter.php(507): CodeIgniter\CodeIgniter->runController(Object(App\Controllers\warehouse))
#10 C:\xampp\htdocs\ci4\system\CodeIgniter.php(354): CodeIgniter\CodeIgniter->handleRequest(NULL, Object(Config\Cache), false)
#11 C:\xampp\htdocs\ci4\system\Boot.php(334): CodeIgniter\CodeIgniter->run()
#12 C:\xampp\htdocs\ci4\system\Boot.php(67): CodeIgniter\Boot::runCodeIgniter(Object(CodeIgniter\CodeIgniter))
#13 C:\xampp\htdocs\ci4\index.php(59): CodeIgniter\Boot::bootWeb(Object(Config\Paths))
#14 {main}
CRITICAL - 2025-08-01 01:16:36 --> CodeIgniter\Database\Exceptions\DatabaseException: Cannot add or update a child row: a foreign key constraint fails (`ci4`.`items`, CONSTRAINT `foreign key` FOREIGN KEY (`categoryFK`) REFERENCES `item_category` (`category`))
[Method: POST, Route: warehouse/addNewItem]
in SYSTEMPATH\Database\BaseConnection.php on line 692.
 1 SYSTEMPATH\Database\BaseBuilder.php(2345): CodeIgniter\Database\BaseConnection->query('INSERT INTO `items` (`categoryFK`, `quantity`, `model_num`, `size`, `asset_num`, `serial_num`, `old_asset_num`, `note`, `item`) VALUES (:categoryFK:, :quantity:, :model_num:, :size:, :asset_num:, :serial_num:, :old_asset_num:, :note:, :item:)', [...], false)
 2 SYSTEMPATH\Model.php(394): CodeIgniter\Database\BaseBuilder->insert()
 3 SYSTEMPATH\BaseModel.php(843): CodeIgniter\Model->doInsert([...])
 4 SYSTEMPATH\Model.php(800): CodeIgniter\BaseModel->insert([...], true)
 5 APPPATH\Controllers\warehouse.php(51): CodeIgniter\Model->insert(Object(App\Entities\Item))
 6 SYSTEMPATH\CodeIgniter.php(933): App\Controllers\warehouse->addNewItem()
 7 SYSTEMPATH\CodeIgniter.php(507): CodeIgniter\CodeIgniter->runController(Object(App\Controllers\warehouse))
 8 SYSTEMPATH\CodeIgniter.php(354): CodeIgniter\CodeIgniter->handleRequest(null, Object(Config\Cache), false)
 9 SYSTEMPATH\Boot.php(334): CodeIgniter\CodeIgniter->run()
10 SYSTEMPATH\Boot.php(67): CodeIgniter\Boot::runCodeIgniter(Object(CodeIgniter\CodeIgniter))
11 FCPATH\index.php(59): CodeIgniter\Boot::bootWeb(Object(Config\Paths))
CRITICAL - 2025-08-01 01:16:36 --> [Caused by] CodeIgniter\Database\Exceptions\DatabaseException: Cannot add or update a child row: a foreign key constraint fails (`ci4`.`items`, CONSTRAINT `foreign key` FOREIGN KEY (`categoryFK`) REFERENCES `item_category` (`category`))
in SYSTEMPATH\Database\MySQLi\Connection.php on line 332.
 1 SYSTEMPATH\Database\BaseConnection.php(738): CodeIgniter\Database\MySQLi\Connection->execute('INSERT INTO `items` (`categoryFK`, `quantity`, `model_num`, `size`, `asset_num`, `serial_num`, `old_asset_num`, `note`, `item`) VALUES (\'\', \'\', \'\', \'\', \'\', \'\', \'\', \'\', \'laptop\')')
 2 SYSTEMPATH\Database\BaseConnection.php(652): CodeIgniter\Database\BaseConnection->simpleQuery('INSERT INTO `items` (`categoryFK`, `quantity`, `model_num`, `size`, `asset_num`, `serial_num`, `old_asset_num`, `note`, `item`) VALUES (\'\', \'\', \'\', \'\', \'\', \'\', \'\', \'\', \'laptop\')')
 3 SYSTEMPATH\Database\BaseBuilder.php(2345): CodeIgniter\Database\BaseConnection->query('INSERT INTO `items` (`categoryFK`, `quantity`, `model_num`, `size`, `asset_num`, `serial_num`, `old_asset_num`, `note`, `item`) VALUES (:categoryFK:, :quantity:, :model_num:, :size:, :asset_num:, :serial_num:, :old_asset_num:, :note:, :item:)', [...], false)
 4 SYSTEMPATH\Model.php(394): CodeIgniter\Database\BaseBuilder->insert()
 5 SYSTEMPATH\BaseModel.php(843): CodeIgniter\Model->doInsert([...])
 6 SYSTEMPATH\Model.php(800): CodeIgniter\BaseModel->insert([...], true)
 7 APPPATH\Controllers\warehouse.php(51): CodeIgniter\Model->insert(Object(App\Entities\Item))
 8 SYSTEMPATH\CodeIgniter.php(933): App\Controllers\warehouse->addNewItem()
 9 SYSTEMPATH\CodeIgniter.php(507): CodeIgniter\CodeIgniter->runController(Object(App\Controllers\warehouse))
10 SYSTEMPATH\CodeIgniter.php(354): CodeIgniter\CodeIgniter->handleRequest(null, Object(Config\Cache), false)
11 SYSTEMPATH\Boot.php(334): CodeIgniter\CodeIgniter->run()
12 SYSTEMPATH\Boot.php(67): CodeIgniter\Boot::runCodeIgniter(Object(CodeIgniter\CodeIgniter))
13 FCPATH\index.php(59): CodeIgniter\Boot::bootWeb(Object(Config\Paths))
CRITICAL - 2025-08-01 01:16:36 --> [Caused by] mysqli_sql_exception: Cannot add or update a child row: a foreign key constraint fails (`ci4`.`items`, CONSTRAINT `foreign key` FOREIGN KEY (`categoryFK`) REFERENCES `item_category` (`category`))
in SYSTEMPATH\Database\MySQLi\Connection.php on line 327.
 1 SYSTEMPATH\Database\MySQLi\Connection.php(327): mysqli->query('INSERT INTO `items` (`categoryFK`, `quantity`, `model_num`, `size`, `asset_num`, `serial_num`, `old_asset_num`, `note`, `item`) VALUES (\'\', \'\', \'\', \'\', \'\', \'\', \'\', \'\', \'laptop\')', 0)
 2 SYSTEMPATH\Database\BaseConnection.php(738): CodeIgniter\Database\MySQLi\Connection->execute('INSERT INTO `items` (`categoryFK`, `quantity`, `model_num`, `size`, `asset_num`, `serial_num`, `old_asset_num`, `note`, `item`) VALUES (\'\', \'\', \'\', \'\', \'\', \'\', \'\', \'\', \'laptop\')')
 3 SYSTEMPATH\Database\BaseConnection.php(652): CodeIgniter\Database\BaseConnection->simpleQuery('INSERT INTO `items` (`categoryFK`, `quantity`, `model_num`, `size`, `asset_num`, `serial_num`, `old_asset_num`, `note`, `item`) VALUES (\'\', \'\', \'\', \'\', \'\', \'\', \'\', \'\', \'laptop\')')
 4 SYSTEMPATH\Database\BaseBuilder.php(2345): CodeIgniter\Database\BaseConnection->query('INSERT INTO `items` (`categoryFK`, `quantity`, `model_num`, `size`, `asset_num`, `serial_num`, `old_asset_num`, `note`, `item`) VALUES (:categoryFK:, :quantity:, :model_num:, :size:, :asset_num:, :serial_num:, :old_asset_num:, :note:, :item:)', [...], false)
 5 SYSTEMPATH\Model.php(394): CodeIgniter\Database\BaseBuilder->insert()
 6 SYSTEMPATH\BaseModel.php(843): CodeIgniter\Model->doInsert([...])
 7 SYSTEMPATH\Model.php(800): CodeIgniter\BaseModel->insert([...], true)
 8 APPPATH\Controllers\warehouse.php(51): CodeIgniter\Model->insert(Object(App\Entities\Item))
 9 SYSTEMPATH\CodeIgniter.php(933): App\Controllers\warehouse->addNewItem()
10 SYSTEMPATH\CodeIgniter.php(507): CodeIgniter\CodeIgniter->runController(Object(App\Controllers\warehouse))
11 SYSTEMPATH\CodeIgniter.php(354): CodeIgniter\CodeIgniter->handleRequest(null, Object(Config\Cache), false)
12 SYSTEMPATH\Boot.php(334): CodeIgniter\CodeIgniter->run()
13 SYSTEMPATH\Boot.php(67): CodeIgniter\Boot::runCodeIgniter(Object(CodeIgniter\CodeIgniter))
14 FCPATH\index.php(59): CodeIgniter\Boot::bootWeb(Object(Config\Paths))
DEBUG - 2025-08-01 02:30:54 --> Session: Class initialized using 'CodeIgniter\Session\Handlers\FileHandler' driver.
DEBUG - 2025-08-01 02:31:02 --> Session: Class initialized using 'CodeIgniter\Session\Handlers\FileHandler' driver.
DEBUG - 2025-08-01 02:50:43 --> Session: Class initialized using 'CodeIgniter\Session\Handlers\FileHandler' driver.
DEBUG - 2025-08-01 02:50:51 --> Session: Class initialized using 'CodeIgniter\Session\Handlers\FileHandler' driver.
ERROR - 2025-08-01 02:59:40 --> mysqli_sql_exception: Cannot add or update a child row: a foreign key constraint fails (`ci4`.`items`, CONSTRAINT `foreign key` FOREIGN KEY (`categoryFK`) REFERENCES `item_category` (`category`)) in C:\xampp\htdocs\ci4\system\Database\MySQLi\Connection.php:327
Stack trace:
#0 C:\xampp\htdocs\ci4\system\Database\MySQLi\Connection.php(327): mysqli->query('INSERT INTO `it...', 0)
#1 C:\xampp\htdocs\ci4\system\Database\BaseConnection.php(738): CodeIgniter\Database\MySQLi\Connection->execute('INSERT INTO `it...')
#2 C:\xampp\htdocs\ci4\system\Database\BaseConnection.php(652): CodeIgniter\Database\BaseConnection->simpleQuery('INSERT INTO `it...')
#3 C:\xampp\htdocs\ci4\system\Database\BaseBuilder.php(2345): CodeIgniter\Database\BaseConnection->query('INSERT INTO `it...', Array, false)
#4 C:\xampp\htdocs\ci4\system\Model.php(394): CodeIgniter\Database\BaseBuilder->insert()
#5 C:\xampp\htdocs\ci4\system\BaseModel.php(843): CodeIgniter\Model->doInsert(Array)
#6 C:\xampp\htdocs\ci4\system\Model.php(800): CodeIgniter\BaseModel->insert(Array, true)
#7 C:\xampp\htdocs\ci4\app\Controllers\warehouse.php(52): CodeIgniter\Model->insert(Object(App\Entities\Item))
#8 C:\xampp\htdocs\ci4\system\CodeIgniter.php(933): App\Controllers\warehouse->addNewItem()
#9 C:\xampp\htdocs\ci4\system\CodeIgniter.php(507): CodeIgniter\CodeIgniter->runController(Object(App\Controllers\warehouse))
#10 C:\xampp\htdocs\ci4\system\CodeIgniter.php(354): CodeIgniter\CodeIgniter->handleRequest(NULL, Object(Config\Cache), false)
#11 C:\xampp\htdocs\ci4\system\Boot.php(334): CodeIgniter\CodeIgniter->run()
#12 C:\xampp\htdocs\ci4\system\Boot.php(67): CodeIgniter\Boot::runCodeIgniter(Object(CodeIgniter\CodeIgniter))
#13 C:\xampp\htdocs\ci4\index.php(59): CodeIgniter\Boot::bootWeb(Object(Config\Paths))
#14 {main}
CRITICAL - 2025-08-01 02:59:40 --> CodeIgniter\Database\Exceptions\DatabaseException: Cannot add or update a child row: a foreign key constraint fails (`ci4`.`items`, CONSTRAINT `foreign key` FOREIGN KEY (`categoryFK`) REFERENCES `item_category` (`category`))
[Method: POST, Route: warehouse/addNewItem]
in SYSTEMPATH\Database\BaseConnection.php on line 692.
 1 SYSTEMPATH\Database\BaseBuilder.php(2345): CodeIgniter\Database\BaseConnection->query('INSERT INTO `items` (`categoryFK`, `quantity`, `model_num`, `size`, `asset_num`, `serial_num`, `old_asset_num`, `note`, `item`) VALUES (:categoryFK:, :quantity:, :model_num:, :size:, :asset_num:, :serial_num:, :old_asset_num:, :note:, :item:)', [...], false)
 2 SYSTEMPATH\Model.php(394): CodeIgniter\Database\BaseBuilder->insert()
 3 SYSTEMPATH\BaseModel.php(843): CodeIgniter\Model->doInsert([...])
 4 SYSTEMPATH\Model.php(800): CodeIgniter\BaseModel->insert([...], true)
 5 APPPATH\Controllers\warehouse.php(52): CodeIgniter\Model->insert(Object(App\Entities\Item))
 6 SYSTEMPATH\CodeIgniter.php(933): App\Controllers\warehouse->addNewItem()
 7 SYSTEMPATH\CodeIgniter.php(507): CodeIgniter\CodeIgniter->runController(Object(App\Controllers\warehouse))
 8 SYSTEMPATH\CodeIgniter.php(354): CodeIgniter\CodeIgniter->handleRequest(null, Object(Config\Cache), false)
 9 SYSTEMPATH\Boot.php(334): CodeIgniter\CodeIgniter->run()
10 SYSTEMPATH\Boot.php(67): CodeIgniter\Boot::runCodeIgniter(Object(CodeIgniter\CodeIgniter))
11 FCPATH\index.php(59): CodeIgniter\Boot::bootWeb(Object(Config\Paths))
CRITICAL - 2025-08-01 02:59:40 --> [Caused by] CodeIgniter\Database\Exceptions\DatabaseException: Cannot add or update a child row: a foreign key constraint fails (`ci4`.`items`, CONSTRAINT `foreign key` FOREIGN KEY (`categoryFK`) REFERENCES `item_category` (`category`))
in SYSTEMPATH\Database\MySQLi\Connection.php on line 332.
 1 SYSTEMPATH\Database\BaseConnection.php(738): CodeIgniter\Database\MySQLi\Connection->execute('INSERT INTO `items` (`categoryFK`, `quantity`, `model_num`, `size`, `asset_num`, `serial_num`, `old_asset_num`, `note`, `item`) VALUES (\'\', \'\', \'\', \'\', \'\', \'\', \'\', \'\', \'mouse\')')
 2 SYSTEMPATH\Database\BaseConnection.php(652): CodeIgniter\Database\BaseConnection->simpleQuery('INSERT INTO `items` (`categoryFK`, `quantity`, `model_num`, `size`, `asset_num`, `serial_num`, `old_asset_num`, `note`, `item`) VALUES (\'\', \'\', \'\', \'\', \'\', \'\', \'\', \'\', \'mouse\')')
 3 SYSTEMPATH\Database\BaseBuilder.php(2345): CodeIgniter\Database\BaseConnection->query('INSERT INTO `items` (`categoryFK`, `quantity`, `model_num`, `size`, `asset_num`, `serial_num`, `old_asset_num`, `note`, `item`) VALUES (:categoryFK:, :quantity:, :model_num:, :size:, :asset_num:, :serial_num:, :old_asset_num:, :note:, :item:)', [...], false)
 4 SYSTEMPATH\Model.php(394): CodeIgniter\Database\BaseBuilder->insert()
 5 SYSTEMPATH\BaseModel.php(843): CodeIgniter\Model->doInsert([...])
 6 SYSTEMPATH\Model.php(800): CodeIgniter\BaseModel->insert([...], true)
 7 APPPATH\Controllers\warehouse.php(52): CodeIgniter\Model->insert(Object(App\Entities\Item))
 8 SYSTEMPATH\CodeIgniter.php(933): App\Controllers\warehouse->addNewItem()
 9 SYSTEMPATH\CodeIgniter.php(507): CodeIgniter\CodeIgniter->runController(Object(App\Controllers\warehouse))
10 SYSTEMPATH\CodeIgniter.php(354): CodeIgniter\CodeIgniter->handleRequest(null, Object(Config\Cache), false)
11 SYSTEMPATH\Boot.php(334): CodeIgniter\CodeIgniter->run()
12 SYSTEMPATH\Boot.php(67): CodeIgniter\Boot::runCodeIgniter(Object(CodeIgniter\CodeIgniter))
13 FCPATH\index.php(59): CodeIgniter\Boot::bootWeb(Object(Config\Paths))
CRITICAL - 2025-08-01 02:59:40 --> [Caused by] mysqli_sql_exception: Cannot add or update a child row: a foreign key constraint fails (`ci4`.`items`, CONSTRAINT `foreign key` FOREIGN KEY (`categoryFK`) REFERENCES `item_category` (`category`))
in SYSTEMPATH\Database\MySQLi\Connection.php on line 327.
 1 SYSTEMPATH\Database\MySQLi\Connection.php(327): mysqli->query('INSERT INTO `items` (`categoryFK`, `quantity`, `model_num`, `size`, `asset_num`, `serial_num`, `old_asset_num`, `note`, `item`) VALUES (\'\', \'\', \'\', \'\', \'\', \'\', \'\', \'\', \'mouse\')', 0)
 2 SYSTEMPATH\Database\BaseConnection.php(738): CodeIgniter\Database\MySQLi\Connection->execute('INSERT INTO `items` (`categoryFK`, `quantity`, `model_num`, `size`, `asset_num`, `serial_num`, `old_asset_num`, `note`, `item`) VALUES (\'\', \'\', \'\', \'\', \'\', \'\', \'\', \'\', \'mouse\')')
 3 SYSTEMPATH\Database\BaseConnection.php(652): CodeIgniter\Database\BaseConnection->simpleQuery('INSERT INTO `items` (`categoryFK`, `quantity`, `model_num`, `size`, `asset_num`, `serial_num`, `old_asset_num`, `note`, `item`) VALUES (\'\', \'\', \'\', \'\', \'\', \'\', \'\', \'\', \'mouse\')')
 4 SYSTEMPATH\Database\BaseBuilder.php(2345): CodeIgniter\Database\BaseConnection->query('INSERT INTO `items` (`categoryFK`, `quantity`, `model_num`, `size`, `asset_num`, `serial_num`, `old_asset_num`, `note`, `item`) VALUES (:categoryFK:, :quantity:, :model_num:, :size:, :asset_num:, :serial_num:, :old_asset_num:, :note:, :item:)', [...], false)
 5 SYSTEMPATH\Model.php(394): CodeIgniter\Database\BaseBuilder->insert()
 6 SYSTEMPATH\BaseModel.php(843): CodeIgniter\Model->doInsert([...])
 7 SYSTEMPATH\Model.php(800): CodeIgniter\BaseModel->insert([...], true)
 8 APPPATH\Controllers\warehouse.php(52): CodeIgniter\Model->insert(Object(App\Entities\Item))
 9 SYSTEMPATH\CodeIgniter.php(933): App\Controllers\warehouse->addNewItem()
10 SYSTEMPATH\CodeIgniter.php(507): CodeIgniter\CodeIgniter->runController(Object(App\Controllers\warehouse))
11 SYSTEMPATH\CodeIgniter.php(354): CodeIgniter\CodeIgniter->handleRequest(null, Object(Config\Cache), false)
12 SYSTEMPATH\Boot.php(334): CodeIgniter\CodeIgniter->run()
13 SYSTEMPATH\Boot.php(67): CodeIgniter\Boot::runCodeIgniter(Object(CodeIgniter\CodeIgniter))
14 FCPATH\index.php(59): CodeIgniter\Boot::bootWeb(Object(Config\Paths))
ERROR - 2025-08-01 02:59:52 --> mysqli_sql_exception: Cannot add or update a child row: a foreign key constraint fails (`ci4`.`items`, CONSTRAINT `foreign key` FOREIGN KEY (`categoryFK`) REFERENCES `item_category` (`category`)) in C:\xampp\htdocs\ci4\system\Database\MySQLi\Connection.php:327
Stack trace:
#0 C:\xampp\htdocs\ci4\system\Database\MySQLi\Connection.php(327): mysqli->query('INSERT INTO `it...', 0)
#1 C:\xampp\htdocs\ci4\system\Database\BaseConnection.php(738): CodeIgniter\Database\MySQLi\Connection->execute('INSERT INTO `it...')
#2 C:\xampp\htdocs\ci4\system\Database\BaseConnection.php(652): CodeIgniter\Database\BaseConnection->simpleQuery('INSERT INTO `it...')
#3 C:\xampp\htdocs\ci4\system\Database\BaseBuilder.php(2345): CodeIgniter\Database\BaseConnection->query('INSERT INTO `it...', Array, false)
#4 C:\xampp\htdocs\ci4\system\Model.php(394): CodeIgniter\Database\BaseBuilder->insert()
#5 C:\xampp\htdocs\ci4\system\BaseModel.php(843): CodeIgniter\Model->doInsert(Array)
#6 C:\xampp\htdocs\ci4\system\Model.php(800): CodeIgniter\BaseModel->insert(Array, true)
#7 C:\xampp\htdocs\ci4\app\Controllers\warehouse.php(52): CodeIgniter\Model->insert(Object(App\Entities\Item))
#8 C:\xampp\htdocs\ci4\system\CodeIgniter.php(933): App\Controllers\warehouse->addNewItem()
#9 C:\xampp\htdocs\ci4\system\CodeIgniter.php(507): CodeIgniter\CodeIgniter->runController(Object(App\Controllers\warehouse))
#10 C:\xampp\htdocs\ci4\system\CodeIgniter.php(354): CodeIgniter\CodeIgniter->handleRequest(NULL, Object(Config\Cache), false)
#11 C:\xampp\htdocs\ci4\system\Boot.php(334): CodeIgniter\CodeIgniter->run()
#12 C:\xampp\htdocs\ci4\system\Boot.php(67): CodeIgniter\Boot::runCodeIgniter(Object(CodeIgniter\CodeIgniter))
#13 C:\xampp\htdocs\ci4\index.php(59): CodeIgniter\Boot::bootWeb(Object(Config\Paths))
#14 {main}
CRITICAL - 2025-08-01 02:59:52 --> CodeIgniter\Database\Exceptions\DatabaseException: Cannot add or update a child row: a foreign key constraint fails (`ci4`.`items`, CONSTRAINT `foreign key` FOREIGN KEY (`categoryFK`) REFERENCES `item_category` (`category`))
[Method: POST, Route: warehouse/addNewItem]
in SYSTEMPATH\Database\BaseConnection.php on line 692.
 1 SYSTEMPATH\Database\BaseBuilder.php(2345): CodeIgniter\Database\BaseConnection->query('INSERT INTO `items` (`categoryFK`, `quantity`, `model_num`, `size`, `asset_num`, `serial_num`, `old_asset_num`, `note`, `item`) VALUES (:categoryFK:, :quantity:, :model_num:, :size:, :asset_num:, :serial_num:, :old_asset_num:, :note:, :item:)', [...], false)
 2 SYSTEMPATH\Model.php(394): CodeIgniter\Database\BaseBuilder->insert()
 3 SYSTEMPATH\BaseModel.php(843): CodeIgniter\Model->doInsert([...])
 4 SYSTEMPATH\Model.php(800): CodeIgniter\BaseModel->insert([...], true)
 5 APPPATH\Controllers\warehouse.php(52): CodeIgniter\Model->insert(Object(App\Entities\Item))
 6 SYSTEMPATH\CodeIgniter.php(933): App\Controllers\warehouse->addNewItem()
 7 SYSTEMPATH\CodeIgniter.php(507): CodeIgniter\CodeIgniter->runController(Object(App\Controllers\warehouse))
 8 SYSTEMPATH\CodeIgniter.php(354): CodeIgniter\CodeIgniter->handleRequest(null, Object(Config\Cache), false)
 9 SYSTEMPATH\Boot.php(334): CodeIgniter\CodeIgniter->run()
10 SYSTEMPATH\Boot.php(67): CodeIgniter\Boot::runCodeIgniter(Object(CodeIgniter\CodeIgniter))
11 FCPATH\index.php(59): CodeIgniter\Boot::bootWeb(Object(Config\Paths))
CRITICAL - 2025-08-01 02:59:52 --> [Caused by] CodeIgniter\Database\Exceptions\DatabaseException: Cannot add or update a child row: a foreign key constraint fails (`ci4`.`items`, CONSTRAINT `foreign key` FOREIGN KEY (`categoryFK`) REFERENCES `item_category` (`category`))
in SYSTEMPATH\Database\MySQLi\Connection.php on line 332.
 1 SYSTEMPATH\Database\BaseConnection.php(738): CodeIgniter\Database\MySQLi\Connection->execute('INSERT INTO `items` (`categoryFK`, `quantity`, `model_num`, `size`, `asset_num`, `serial_num`, `old_asset_num`, `note`, `item`) VALUES (\'\', \'\', \'\', \'\', \'\', \'\', \'\', \'\', \'mouse\')')
 2 SYSTEMPATH\Database\BaseConnection.php(652): CodeIgniter\Database\BaseConnection->simpleQuery('INSERT INTO `items` (`categoryFK`, `quantity`, `model_num`, `size`, `asset_num`, `serial_num`, `old_asset_num`, `note`, `item`) VALUES (\'\', \'\', \'\', \'\', \'\', \'\', \'\', \'\', \'mouse\')')
 3 SYSTEMPATH\Database\BaseBuilder.php(2345): CodeIgniter\Database\BaseConnection->query('INSERT INTO `items` (`categoryFK`, `quantity`, `model_num`, `size`, `asset_num`, `serial_num`, `old_asset_num`, `note`, `item`) VALUES (:categoryFK:, :quantity:, :model_num:, :size:, :asset_num:, :serial_num:, :old_asset_num:, :note:, :item:)', [...], false)
 4 SYSTEMPATH\Model.php(394): CodeIgniter\Database\BaseBuilder->insert()
 5 SYSTEMPATH\BaseModel.php(843): CodeIgniter\Model->doInsert([...])
 6 SYSTEMPATH\Model.php(800): CodeIgniter\BaseModel->insert([...], true)
 7 APPPATH\Controllers\warehouse.php(52): CodeIgniter\Model->insert(Object(App\Entities\Item))
 8 SYSTEMPATH\CodeIgniter.php(933): App\Controllers\warehouse->addNewItem()
 9 SYSTEMPATH\CodeIgniter.php(507): CodeIgniter\CodeIgniter->runController(Object(App\Controllers\warehouse))
10 SYSTEMPATH\CodeIgniter.php(354): CodeIgniter\CodeIgniter->handleRequest(null, Object(Config\Cache), false)
11 SYSTEMPATH\Boot.php(334): CodeIgniter\CodeIgniter->run()
12 SYSTEMPATH\Boot.php(67): CodeIgniter\Boot::runCodeIgniter(Object(CodeIgniter\CodeIgniter))
13 FCPATH\index.php(59): CodeIgniter\Boot::bootWeb(Object(Config\Paths))
CRITICAL - 2025-08-01 02:59:52 --> [Caused by] mysqli_sql_exception: Cannot add or update a child row: a foreign key constraint fails (`ci4`.`items`, CONSTRAINT `foreign key` FOREIGN KEY (`categoryFK`) REFERENCES `item_category` (`category`))
in SYSTEMPATH\Database\MySQLi\Connection.php on line 327.
 1 SYSTEMPATH\Database\MySQLi\Connection.php(327): mysqli->query('INSERT INTO `items` (`categoryFK`, `quantity`, `model_num`, `size`, `asset_num`, `serial_num`, `old_asset_num`, `note`, `item`) VALUES (\'\', \'\', \'\', \'\', \'\', \'\', \'\', \'\', \'mouse\')', 0)
 2 SYSTEMPATH\Database\BaseConnection.php(738): CodeIgniter\Database\MySQLi\Connection->execute('INSERT INTO `items` (`categoryFK`, `quantity`, `model_num`, `size`, `asset_num`, `serial_num`, `old_asset_num`, `note`, `item`) VALUES (\'\', \'\', \'\', \'\', \'\', \'\', \'\', \'\', \'mouse\')')
 3 SYSTEMPATH\Database\BaseConnection.php(652): CodeIgniter\Database\BaseConnection->simpleQuery('INSERT INTO `items` (`categoryFK`, `quantity`, `model_num`, `size`, `asset_num`, `serial_num`, `old_asset_num`, `note`, `item`) VALUES (\'\', \'\', \'\', \'\', \'\', \'\', \'\', \'\', \'mouse\')')
 4 SYSTEMPATH\Database\BaseBuilder.php(2345): CodeIgniter\Database\BaseConnection->query('INSERT INTO `items` (`categoryFK`, `quantity`, `model_num`, `size`, `asset_num`, `serial_num`, `old_asset_num`, `note`, `item`) VALUES (:categoryFK:, :quantity:, :model_num:, :size:, :asset_num:, :serial_num:, :old_asset_num:, :note:, :item:)', [...], false)
 5 SYSTEMPATH\Model.php(394): CodeIgniter\Database\BaseBuilder->insert()
 6 SYSTEMPATH\BaseModel.php(843): CodeIgniter\Model->doInsert([...])
 7 SYSTEMPATH\Model.php(800): CodeIgniter\BaseModel->insert([...], true)
 8 APPPATH\Controllers\warehouse.php(52): CodeIgniter\Model->insert(Object(App\Entities\Item))
 9 SYSTEMPATH\CodeIgniter.php(933): App\Controllers\warehouse->addNewItem()
10 SYSTEMPATH\CodeIgniter.php(507): CodeIgniter\CodeIgniter->runController(Object(App\Controllers\warehouse))
11 SYSTEMPATH\CodeIgniter.php(354): CodeIgniter\CodeIgniter->handleRequest(null, Object(Config\Cache), false)
12 SYSTEMPATH\Boot.php(334): CodeIgniter\CodeIgniter->run()
13 SYSTEMPATH\Boot.php(67): CodeIgniter\Boot::runCodeIgniter(Object(CodeIgniter\CodeIgniter))
14 FCPATH\index.php(59): CodeIgniter\Boot::bootWeb(Object(Config\Paths))
ERROR - 2025-08-01 03:28:57 --> mysqli_sql_exception: Cannot add or update a child row: a foreign key constraint fails (`ci4`.`items`, CONSTRAINT `foreign key` FOREIGN KEY (`categoryFK`) REFERENCES `item_category` (`category`)) in C:\xampp\htdocs\ci4\system\Database\MySQLi\Connection.php:327
Stack trace:
#0 C:\xampp\htdocs\ci4\system\Database\MySQLi\Connection.php(327): mysqli->query('INSERT INTO `it...', 0)
#1 C:\xampp\htdocs\ci4\system\Database\BaseConnection.php(738): CodeIgniter\Database\MySQLi\Connection->execute('INSERT INTO `it...')
#2 C:\xampp\htdocs\ci4\system\Database\BaseConnection.php(652): CodeIgniter\Database\BaseConnection->simpleQuery('INSERT INTO `it...')
#3 C:\xampp\htdocs\ci4\system\Database\BaseBuilder.php(2345): CodeIgniter\Database\BaseConnection->query('INSERT INTO `it...', Array, false)
#4 C:\xampp\htdocs\ci4\system\Model.php(394): CodeIgniter\Database\BaseBuilder->insert()
#5 C:\xampp\htdocs\ci4\system\BaseModel.php(843): CodeIgniter\Model->doInsert(Array)
#6 C:\xampp\htdocs\ci4\system\Model.php(800): CodeIgniter\BaseModel->insert(Array, true)
#7 C:\xampp\htdocs\ci4\app\Controllers\warehouse.php(52): CodeIgniter\Model->insert(Object(App\Entities\Item))
#8 C:\xampp\htdocs\ci4\system\CodeIgniter.php(933): App\Controllers\warehouse->addNewItem()
#9 C:\xampp\htdocs\ci4\system\CodeIgniter.php(507): CodeIgniter\CodeIgniter->runController(Object(App\Controllers\warehouse))
#10 C:\xampp\htdocs\ci4\system\CodeIgniter.php(354): CodeIgniter\CodeIgniter->handleRequest(NULL, Object(Config\Cache), false)
#11 C:\xampp\htdocs\ci4\system\Boot.php(334): CodeIgniter\CodeIgniter->run()
#12 C:\xampp\htdocs\ci4\system\Boot.php(67): CodeIgniter\Boot::runCodeIgniter(Object(CodeIgniter\CodeIgniter))
#13 C:\xampp\htdocs\ci4\index.php(59): CodeIgniter\Boot::bootWeb(Object(Config\Paths))
#14 {main}
CRITICAL - 2025-08-01 03:28:57 --> CodeIgniter\Database\Exceptions\DatabaseException: Cannot add or update a child row: a foreign key constraint fails (`ci4`.`items`, CONSTRAINT `foreign key` FOREIGN KEY (`categoryFK`) REFERENCES `item_category` (`category`))
[Method: POST, Route: warehouse/addNewItem]
in SYSTEMPATH\Database\BaseConnection.php on line 692.
 1 SYSTEMPATH\Database\BaseBuilder.php(2345): CodeIgniter\Database\BaseConnection->query('INSERT INTO `items` (`categoryFK`, `quantity`, `model_num`, `size`, `asset_num`, `serial_num`, `old_asset_num`, `note`, `item`) VALUES (:categoryFK:, :quantity:, :model_num:, :size:, :asset_num:, :serial_num:, :old_asset_num:, :note:, :item:)', [...], false)
 2 SYSTEMPATH\Model.php(394): CodeIgniter\Database\BaseBuilder->insert()
 3 SYSTEMPATH\BaseModel.php(843): CodeIgniter\Model->doInsert([...])
 4 SYSTEMPATH\Model.php(800): CodeIgniter\BaseModel->insert([...], true)
 5 APPPATH\Controllers\warehouse.php(52): CodeIgniter\Model->insert(Object(App\Entities\Item))
 6 SYSTEMPATH\CodeIgniter.php(933): App\Controllers\warehouse->addNewItem()
 7 SYSTEMPATH\CodeIgniter.php(507): CodeIgniter\CodeIgniter->runController(Object(App\Controllers\warehouse))
 8 SYSTEMPATH\CodeIgniter.php(354): CodeIgniter\CodeIgniter->handleRequest(null, Object(Config\Cache), false)
 9 SYSTEMPATH\Boot.php(334): CodeIgniter\CodeIgniter->run()
10 SYSTEMPATH\Boot.php(67): CodeIgniter\Boot::runCodeIgniter(Object(CodeIgniter\CodeIgniter))
11 FCPATH\index.php(59): CodeIgniter\Boot::bootWeb(Object(Config\Paths))
CRITICAL - 2025-08-01 03:28:57 --> [Caused by] CodeIgniter\Database\Exceptions\DatabaseException: Cannot add or update a child row: a foreign key constraint fails (`ci4`.`items`, CONSTRAINT `foreign key` FOREIGN KEY (`categoryFK`) REFERENCES `item_category` (`category`))
in SYSTEMPATH\Database\MySQLi\Connection.php on line 332.
 1 SYSTEMPATH\Database\BaseConnection.php(738): CodeIgniter\Database\MySQLi\Connection->execute('INSERT INTO `items` (`categoryFK`, `quantity`, `model_num`, `size`, `asset_num`, `serial_num`, `old_asset_num`, `note`, `item`) VALUES (\'\', \'\', \'\', \'\', \'\', \'\', \'\', \'\', \'ooo\')')
 2 SYSTEMPATH\Database\BaseConnection.php(652): CodeIgniter\Database\BaseConnection->simpleQuery('INSERT INTO `items` (`categoryFK`, `quantity`, `model_num`, `size`, `asset_num`, `serial_num`, `old_asset_num`, `note`, `item`) VALUES (\'\', \'\', \'\', \'\', \'\', \'\', \'\', \'\', \'ooo\')')
 3 SYSTEMPATH\Database\BaseBuilder.php(2345): CodeIgniter\Database\BaseConnection->query('INSERT INTO `items` (`categoryFK`, `quantity`, `model_num`, `size`, `asset_num`, `serial_num`, `old_asset_num`, `note`, `item`) VALUES (:categoryFK:, :quantity:, :model_num:, :size:, :asset_num:, :serial_num:, :old_asset_num:, :note:, :item:)', [...], false)
 4 SYSTEMPATH\Model.php(394): CodeIgniter\Database\BaseBuilder->insert()
 5 SYSTEMPATH\BaseModel.php(843): CodeIgniter\Model->doInsert([...])
 6 SYSTEMPATH\Model.php(800): CodeIgniter\BaseModel->insert([...], true)
 7 APPPATH\Controllers\warehouse.php(52): CodeIgniter\Model->insert(Object(App\Entities\Item))
 8 SYSTEMPATH\CodeIgniter.php(933): App\Controllers\warehouse->addNewItem()
 9 SYSTEMPATH\CodeIgniter.php(507): CodeIgniter\CodeIgniter->runController(Object(App\Controllers\warehouse))
10 SYSTEMPATH\CodeIgniter.php(354): CodeIgniter\CodeIgniter->handleRequest(null, Object(Config\Cache), false)
11 SYSTEMPATH\Boot.php(334): CodeIgniter\CodeIgniter->run()
12 SYSTEMPATH\Boot.php(67): CodeIgniter\Boot::runCodeIgniter(Object(CodeIgniter\CodeIgniter))
13 FCPATH\index.php(59): CodeIgniter\Boot::bootWeb(Object(Config\Paths))
CRITICAL - 2025-08-01 03:28:57 --> [Caused by] mysqli_sql_exception: Cannot add or update a child row: a foreign key constraint fails (`ci4`.`items`, CONSTRAINT `foreign key` FOREIGN KEY (`categoryFK`) REFERENCES `item_category` (`category`))
in SYSTEMPATH\Database\MySQLi\Connection.php on line 327.
 1 SYSTEMPATH\Database\MySQLi\Connection.php(327): mysqli->query('INSERT INTO `items` (`categoryFK`, `quantity`, `model_num`, `size`, `asset_num`, `serial_num`, `old_asset_num`, `note`, `item`) VALUES (\'\', \'\', \'\', \'\', \'\', \'\', \'\', \'\', \'ooo\')', 0)
 2 SYSTEMPATH\Database\BaseConnection.php(738): CodeIgniter\Database\MySQLi\Connection->execute('INSERT INTO `items` (`categoryFK`, `quantity`, `model_num`, `size`, `asset_num`, `serial_num`, `old_asset_num`, `note`, `item`) VALUES (\'\', \'\', \'\', \'\', \'\', \'\', \'\', \'\', \'ooo\')')
 3 SYSTEMPATH\Database\BaseConnection.php(652): CodeIgniter\Database\BaseConnection->simpleQuery('INSERT INTO `items` (`categoryFK`, `quantity`, `model_num`, `size`, `asset_num`, `serial_num`, `old_asset_num`, `note`, `item`) VALUES (\'\', \'\', \'\', \'\', \'\', \'\', \'\', \'\', \'ooo\')')
 4 SYSTEMPATH\Database\BaseBuilder.php(2345): CodeIgniter\Database\BaseConnection->query('INSERT INTO `items` (`categoryFK`, `quantity`, `model_num`, `size`, `asset_num`, `serial_num`, `old_asset_num`, `note`, `item`) VALUES (:categoryFK:, :quantity:, :model_num:, :size:, :asset_num:, :serial_num:, :old_asset_num:, :note:, :item:)', [...], false)
 5 SYSTEMPATH\Model.php(394): CodeIgniter\Database\BaseBuilder->insert()
 6 SYSTEMPATH\BaseModel.php(843): CodeIgniter\Model->doInsert([...])
 7 SYSTEMPATH\Model.php(800): CodeIgniter\BaseModel->insert([...], true)
 8 APPPATH\Controllers\warehouse.php(52): CodeIgniter\Model->insert(Object(App\Entities\Item))
 9 SYSTEMPATH\CodeIgniter.php(933): App\Controllers\warehouse->addNewItem()
10 SYSTEMPATH\CodeIgniter.php(507): CodeIgniter\CodeIgniter->runController(Object(App\Controllers\warehouse))
11 SYSTEMPATH\CodeIgniter.php(354): CodeIgniter\CodeIgniter->handleRequest(null, Object(Config\Cache), false)
12 SYSTEMPATH\Boot.php(334): CodeIgniter\CodeIgniter->run()
13 SYSTEMPATH\Boot.php(67): CodeIgniter\Boot::runCodeIgniter(Object(CodeIgniter\CodeIgniter))
14 FCPATH\index.php(59): CodeIgniter\Boot::bootWeb(Object(Config\Paths))
DEBUG - 2025-08-01 16:44:37 --> Session: Class initialized using 'CodeIgniter\Session\Handlers\FileHandler' driver.
DEBUG - 2025-08-01 16:44:47 --> Session: Class initialized using 'CodeIgniter\Session\Handlers\FileHandler' driver.
CRITICAL - 2025-08-01 16:49:54 --> ErrorException: Undefined variable $item
[Method: GET, Route: warehouse/edit/7]
in APPPATH\Controllers\warehouse.php on line 62.
 1 APPPATH\Controllers\warehouse.php(62): CodeIgniter\Debug\Exceptions->errorHandler(2, 'Undefined variable $item', 'C:\\xampp\\htdocs\\ci4\\app\\Controllers\\warehouse.php', 62)
 2 SYSTEMPATH\CodeIgniter.php(933): App\Controllers\warehouse->edit('7')
 3 SYSTEMPATH\CodeIgniter.php(507): CodeIgniter\CodeIgniter->runController(Object(App\Controllers\warehouse))
 4 SYSTEMPATH\CodeIgniter.php(354): CodeIgniter\CodeIgniter->handleRequest(null, Object(Config\Cache), false)
 5 SYSTEMPATH\Boot.php(334): CodeIgniter\CodeIgniter->run()
 6 SYSTEMPATH\Boot.php(67): CodeIgniter\Boot::runCodeIgniter(Object(CodeIgniter\CodeIgniter))
 7 FCPATH\index.php(59): CodeIgniter\Boot::bootWeb(Object(Config\Paths))
DEBUG - 2025-08-01 16:59:36 --> Session: Class initialized using 'CodeIgniter\Session\Handlers\FileHandler' driver.
DEBUG - 2025-08-01 16:59:52 --> Session: Class initialized using 'CodeIgniter\Session\Handlers\FileHandler' driver.
DEBUG - 2025-08-01 17:00:12 --> Session: Class initialized using 'CodeIgniter\Session\Handlers\FileHandler' driver.
DEBUG - 2025-08-01 17:00:19 --> Session: Class initialized using 'CodeIgniter\Session\Handlers\FileHandler' driver.
DEBUG - 2025-08-01 17:10:38 --> Session: Class initialized using 'CodeIgniter\Session\Handlers\FileHandler' driver.
DEBUG - 2025-08-01 17:10:45 --> Session: Class initialized using 'CodeIgniter\Session\Handlers\FileHandler' driver.
DEBUG - 2025-08-01 17:10:48 --> Session: Class initialized using 'CodeIgniter\Session\Handlers\FileHandler' driver.
DEBUG - 2025-08-01 17:10:54 --> Session: Class initialized using 'CodeIgniter\Session\Handlers\FileHandler' driver.
DEBUG - 2025-08-01 17:11:31 --> Session: Class initialized using 'CodeIgniter\Session\Handlers\FileHandler' driver.
DEBUG - 2025-08-01 17:11:39 --> Session: Class initialized using 'CodeIgniter\Session\Handlers\FileHandler' driver.
DEBUG - 2025-08-01 17:11:39 --> Session: Class initialized using 'CodeIgniter\Session\Handlers\FileHandler' driver.
DEBUG - 2025-08-01 17:11:42 --> Session: Class initialized using 'CodeIgniter\Session\Handlers\FileHandler' driver.
DEBUG - 2025-08-01 17:11:45 --> Session: Class initialized using 'CodeIgniter\Session\Handlers\FileHandler' driver.
DEBUG - 2025-08-01 17:11:45 --> Session: Class initialized using 'CodeIgniter\Session\Handlers\FileHandler' driver.
DEBUG - 2025-08-01 17:11:50 --> Session: Class initialized using 'CodeIgniter\Session\Handlers\FileHandler' driver.
DEBUG - 2025-08-01 17:11:50 --> Session: Class initialized using 'CodeIgniter\Session\Handlers\FileHandler' driver.
DEBUG - 2025-08-01 17:11:52 --> Session: Class initialized using 'CodeIgniter\Session\Handlers\FileHandler' driver.
DEBUG - 2025-08-01 17:20:15 --> Session: Class initialized using 'CodeIgniter\Session\Handlers\FileHandler' driver.
DEBUG - 2025-08-01 17:27:56 --> Session: Class initialized using 'CodeIgniter\Session\Handlers\FileHandler' driver.
DEBUG - 2025-08-01 17:34:14 --> Session: Class initialized using 'CodeIgniter\Session\Handlers\FileHandler' driver.
DEBUG - 2025-08-01 17:34:14 --> Session: Class initialized using 'CodeIgniter\Session\Handlers\FileHandler' driver.
DEBUG - 2025-08-01 17:40:57 --> Session: Class initialized using 'CodeIgniter\Session\Handlers\FileHandler' driver.
DEBUG - 2025-08-01 17:40:57 --> Session: Class initialized using 'CodeIgniter\Session\Handlers\FileHandler' driver.
DEBUG - 2025-08-01 17:42:33 --> Session: Class initialized using 'CodeIgniter\Session\Handlers\FileHandler' driver.
DEBUG - 2025-08-01 17:42:33 --> Session: Class initialized using 'CodeIgniter\Session\Handlers\FileHandler' driver.
DEBUG - 2025-08-01 17:43:25 --> Session: Class initialized using 'CodeIgniter\Session\Handlers\FileHandler' driver.
DEBUG - 2025-08-01 17:43:25 --> Session: Class initialized using 'CodeIgniter\Session\Handlers\FileHandler' driver.
DEBUG - 2025-08-01 17:48:30 --> Session: Class initialized using 'CodeIgniter\Session\Handlers\FileHandler' driver.
DEBUG - 2025-08-01 17:48:42 --> Session: Class initialized using 'CodeIgniter\Session\Handlers\FileHandler' driver.
DEBUG - 2025-08-01 17:48:45 --> Session: Class initialized using 'CodeIgniter\Session\Handlers\FileHandler' driver.
DEBUG - 2025-08-01 17:49:57 --> Session: Class initialized using 'CodeIgniter\Session\Handlers\FileHandler' driver.
DEBUG - 2025-08-01 17:50:30 --> Session: Class initialized using 'CodeIgniter\Session\Handlers\FileHandler' driver.
DEBUG - 2025-08-01 17:50:30 --> Session: Class initialized using 'CodeIgniter\Session\Handlers\FileHandler' driver.
DEBUG - 2025-08-01 17:50:42 --> Session: Class initialized using 'CodeIgniter\Session\Handlers\FileHandler' driver.
DEBUG - 2025-08-01 17:50:42 --> Session: Class initialized using 'CodeIgniter\Session\Handlers\FileHandler' driver.
DEBUG - 2025-08-01 17:50:48 --> Session: Class initialized using 'CodeIgniter\Session\Handlers\FileHandler' driver.
DEBUG - 2025-08-01 17:50:57 --> Session: Class initialized using 'CodeIgniter\Session\Handlers\FileHandler' driver.
DEBUG - 2025-08-01 17:51:04 --> Session: Class initialized using 'CodeIgniter\Session\Handlers\FileHandler' driver.
DEBUG - 2025-08-01 17:51:04 --> Session: Class initialized using 'CodeIgniter\Session\Handlers\FileHandler' driver.
DEBUG - 2025-08-01 17:51:06 --> Session: Class initialized using 'CodeIgniter\Session\Handlers\FileHandler' driver.
DEBUG - 2025-08-01 17:51:09 --> Session: Class initialized using 'CodeIgniter\Session\Handlers\FileHandler' driver.
DEBUG - 2025-08-01 17:51:09 --> Session: Class initialized using 'CodeIgniter\Session\Handlers\FileHandler' driver.
