DEBUG - 2025-09-25 07:19:21 --> Session: Class initialized using 'CodeIgniter\Session\Handlers\FileHandler' driver.
DEBUG - 2025-09-25 07:19:26 --> Session: Class initialized using 'CodeIgniter\Session\Handlers\FileHandler' driver.
DEBUG - 2025-09-25 07:19:26 --> Session: Class initialized using 'CodeIgniter\Session\Handlers\FileHandler' driver.
DEBUG - 2025-09-25 07:19:29 --> Session: Class initialized using 'CodeIgniter\Session\Handlers\FileHandler' driver.
DEBUG - 2025-09-25 07:24:23 --> Session: Class initialized using 'CodeIgniter\Session\Handlers\FileHandler' driver.
DEBUG - 2025-09-25 07:24:28 --> Session: Class initialized using 'CodeIgniter\Session\Handlers\FileHandler' driver.
DEBUG - 2025-09-25 07:24:28 --> Session: Class initialized using 'CodeIgniter\Session\Handlers\FileHandler' driver.
DEBUG - 2025-09-25 07:24:34 --> Session: Class initialized using 'CodeIgniter\Session\Handlers\FileHandler' driver.
DEBUG - 2025-09-25 07:24:43 --> Session: Class initialized using 'CodeIgniter\Session\Handlers\FileHandler' driver.
DEBUG - 2025-09-25 07:25:24 --> Session: Class initialized using 'CodeIgniter\Session\Handlers\FileHandler' driver.
INFO - 2025-09-25 07:25:46 --> Search term: كر
INFO - 2025-09-25 07:25:48 --> Items found: 5
WARNING - 2025-09-25 07:26:08 --> [DEPRECATED] trim(): Passing null to parameter #1 ($string) of type string is deprecated in APPPATH\Controllers\OrderController.php on line 515.
 1 APPPATH\Controllers\OrderController.php(515): trim(null)
 2 SYSTEMPATH\CodeIgniter.php(933): App\Controllers\OrderController->validateAssetSerial()
 3 SYSTEMPATH\CodeIgniter.php(507): CodeIgniter\CodeIgniter->runController(Object(App\Controllers\OrderController))
 4 SYSTEMPATH\CodeIgniter.php(354): CodeIgniter\CodeIgniter->handleRequest(null, Object(Config\Cache), false)
 5 SYSTEMPATH\Boot.php(334): CodeIgniter\CodeIgniter->run()
 6 SYSTEMPATH\Boot.php(67): CodeIgniter\Boot::runCodeIgniter(Object(CodeIgniter\CodeIgniter))
 7 FCPATH\index.php(59): CodeIgniter\Boot::bootWeb(Object(Config\Paths))
WARNING - 2025-09-25 07:26:14 --> [DEPRECATED] trim(): Passing null to parameter #1 ($string) of type string is deprecated in APPPATH\Controllers\OrderController.php on line 514.
 1 APPPATH\Controllers\OrderController.php(514): trim(null)
 2 SYSTEMPATH\CodeIgniter.php(933): App\Controllers\OrderController->validateAssetSerial()
 3 SYSTEMPATH\CodeIgniter.php(507): CodeIgniter\CodeIgniter->runController(Object(App\Controllers\OrderController))
 4 SYSTEMPATH\CodeIgniter.php(354): CodeIgniter\CodeIgniter->handleRequest(null, Object(Config\Cache), false)
 5 SYSTEMPATH\Boot.php(334): CodeIgniter\CodeIgniter->run()
 6 SYSTEMPATH\Boot.php(67): CodeIgniter\Boot::runCodeIgniter(Object(CodeIgniter\CodeIgniter))
 7 FCPATH\index.php(59): CodeIgniter\Boot::bootWeb(Object(Config\Paths))
INFO - 2025-09-25 07:26:26 --> User search started for: U102
INFO - 2025-09-25 07:26:28 --> User search result: {"id":"2","user_id":"U102","name":"\u0646\u0648\u0631\u0629 \u0641\u0647\u062f","user_dept":"\u0627\u0644\u0645\u0628\u064a\u0639\u0627\u062a","user_ext":"2222","email":"noura@example.com","password":"$2y$10$v5V623afIpa3yWZddO9Wo.8K5qxmR6dyrJaNseyJ6B0HUR8bsld52","created_at":{"date":"2025-09-20 09:20:30.000000","timezone_type":3,"timezone":"UTC"},"updated_at":{"date":"2025-09-20 09:20:30.000000","timezone_type":3,"timezone":"UTC"}}
INFO - 2025-09-25 07:26:36 --> User search started for: U103
INFO - 2025-09-25 07:26:38 --> User search result: {"id":"3","user_id":"U103","name":"\u0628\u062f\u0631 \u0645\u062d\u0645\u062f","user_dept":"\u0627\u0644\u0634\u0624\u0648\u0646 \u0627\u0644\u0642\u0627\u0646\u0648\u0646\u064a\u0629","user_ext":"1119","email":"bader@example.com","password":"$2y$10$krbzkkUVLEMTSXb12KmPiOLf3xH\/Tq9ybN9fa7mZN17vCSFWDsnwW","created_at":{"date":"2025-09-20 09:20:30.000000","timezone_type":3,"timezone":"UTC"},"updated_at":{"date":"2025-09-20 09:20:30.000000","timezone_type":3,"timezone":"UTC"}}
DEBUG - 2025-09-25 07:27:14 --> Session: Class initialized using 'CodeIgniter\Session\Handlers\FileHandler' driver.
DEBUG - 2025-09-25 07:30:52 --> Session: Class initialized using 'CodeIgniter\Session\Handlers\FileHandler' driver.
DEBUG - 2025-09-25 07:30:56 --> Session: Class initialized using 'CodeIgniter\Session\Handlers\FileHandler' driver.
DEBUG - 2025-09-25 07:30:56 --> Session: Class initialized using 'CodeIgniter\Session\Handlers\FileHandler' driver.
DEBUG - 2025-09-25 07:30:58 --> Session: Class initialized using 'CodeIgniter\Session\Handlers\FileHandler' driver.
INFO - 2025-09-25 07:31:07 --> Search term: jg
INFO - 2025-09-25 07:31:09 --> Items found: 0
INFO - 2025-09-25 07:31:31 --> Search term: رو
INFO - 2025-09-25 07:31:33 --> Items found: 0
INFO - 2025-09-25 07:31:35 --> Search term: رل
INFO - 2025-09-25 07:31:36 --> Search term: رلو
INFO - 2025-09-25 07:31:37 --> Items found: 0
INFO - 2025-09-25 07:31:38 --> Items found: 0
INFO - 2025-09-25 07:31:39 --> Search term: رلو\
INFO - 2025-09-25 07:31:39 --> Search term: رلو
INFO - 2025-09-25 07:31:39 --> Search term: رل
INFO - 2025-09-25 07:31:40 --> Search term: را
INFO - 2025-09-25 07:31:41 --> Items found: 0
INFO - 2025-09-25 07:31:41 --> Items found: 0
INFO - 2025-09-25 07:31:41 --> Items found: 0
INFO - 2025-09-25 07:31:42 --> Search term: راو
INFO - 2025-09-25 07:31:42 --> Search term: راوت
INFO - 2025-09-25 07:31:42 --> Items found: 2
INFO - 2025-09-25 07:31:44 --> Items found: 1
INFO - 2025-09-25 07:31:44 --> Items found: 1
WARNING - 2025-09-25 07:33:12 --> [DEPRECATED] trim(): Passing null to parameter #1 ($string) of type string is deprecated in APPPATH\Controllers\OrderController.php on line 515.
 1 APPPATH\Controllers\OrderController.php(515): trim(null)
 2 SYSTEMPATH\CodeIgniter.php(933): App\Controllers\OrderController->validateAssetSerial()
 3 SYSTEMPATH\CodeIgniter.php(507): CodeIgniter\CodeIgniter->runController(Object(App\Controllers\OrderController))
 4 SYSTEMPATH\CodeIgniter.php(354): CodeIgniter\CodeIgniter->handleRequest(null, Object(Config\Cache), false)
 5 SYSTEMPATH\Boot.php(334): CodeIgniter\CodeIgniter->run()
 6 SYSTEMPATH\Boot.php(67): CodeIgniter\Boot::runCodeIgniter(Object(CodeIgniter\CodeIgniter))
 7 FCPATH\index.php(59): CodeIgniter\Boot::bootWeb(Object(Config\Paths))
WARNING - 2025-09-25 07:33:23 --> [DEPRECATED] trim(): Passing null to parameter #1 ($string) of type string is deprecated in APPPATH\Controllers\OrderController.php on line 514.
 1 APPPATH\Controllers\OrderController.php(514): trim(null)
 2 SYSTEMPATH\CodeIgniter.php(933): App\Controllers\OrderController->validateAssetSerial()
 3 SYSTEMPATH\CodeIgniter.php(507): CodeIgniter\CodeIgniter->runController(Object(App\Controllers\OrderController))
 4 SYSTEMPATH\CodeIgniter.php(354): CodeIgniter\CodeIgniter->handleRequest(null, Object(Config\Cache), false)
 5 SYSTEMPATH\Boot.php(334): CodeIgniter\CodeIgniter->run()
 6 SYSTEMPATH\Boot.php(67): CodeIgniter\Boot::runCodeIgniter(Object(CodeIgniter\CodeIgniter))
 7 FCPATH\index.php(59): CodeIgniter\Boot::bootWeb(Object(Config\Paths))
WARNING - 2025-09-25 07:33:28 --> [DEPRECATED] trim(): Passing null to parameter #1 ($string) of type string is deprecated in APPPATH\Controllers\OrderController.php on line 515.
 1 APPPATH\Controllers\OrderController.php(515): trim(null)
 2 SYSTEMPATH\CodeIgniter.php(933): App\Controllers\OrderController->validateAssetSerial()
 3 SYSTEMPATH\CodeIgniter.php(507): CodeIgniter\CodeIgniter->runController(Object(App\Controllers\OrderController))
 4 SYSTEMPATH\CodeIgniter.php(354): CodeIgniter\CodeIgniter->handleRequest(null, Object(Config\Cache), false)
 5 SYSTEMPATH\Boot.php(334): CodeIgniter\CodeIgniter->run()
 6 SYSTEMPATH\Boot.php(67): CodeIgniter\Boot::runCodeIgniter(Object(CodeIgniter\CodeIgniter))
 7 FCPATH\index.php(59): CodeIgniter\Boot::bootWeb(Object(Config\Paths))
WARNING - 2025-09-25 07:33:37 --> [DEPRECATED] trim(): Passing null to parameter #1 ($string) of type string is deprecated in APPPATH\Controllers\OrderController.php on line 514.
 1 APPPATH\Controllers\OrderController.php(514): trim(null)
 2 SYSTEMPATH\CodeIgniter.php(933): App\Controllers\OrderController->validateAssetSerial()
 3 SYSTEMPATH\CodeIgniter.php(507): CodeIgniter\CodeIgniter->runController(Object(App\Controllers\OrderController))
 4 SYSTEMPATH\CodeIgniter.php(354): CodeIgniter\CodeIgniter->handleRequest(null, Object(Config\Cache), false)
 5 SYSTEMPATH\Boot.php(334): CodeIgniter\CodeIgniter->run()
 6 SYSTEMPATH\Boot.php(67): CodeIgniter\Boot::runCodeIgniter(Object(CodeIgniter\CodeIgniter))
 7 FCPATH\index.php(59): CodeIgniter\Boot::bootWeb(Object(Config\Paths))
INFO - 2025-09-25 07:33:39 --> User search started for: U102
INFO - 2025-09-25 07:33:41 --> User search result: {"id":"2","user_id":"U102","name":"\u0646\u0648\u0631\u0629 \u0641\u0647\u062f","user_dept":"\u0627\u0644\u0645\u0628\u064a\u0639\u0627\u062a","user_ext":"2222","email":"noura@example.com","password":"$2y$10$v5V623afIpa3yWZddO9Wo.8K5qxmR6dyrJaNseyJ6B0HUR8bsld52","created_at":{"date":"2025-09-20 09:20:30.000000","timezone_type":3,"timezone":"UTC"},"updated_at":{"date":"2025-09-20 09:20:30.000000","timezone_type":3,"timezone":"UTC"}}
INFO - 2025-09-25 07:33:46 --> User search started for: U103
INFO - 2025-09-25 07:33:48 --> User search result: {"id":"3","user_id":"U103","name":"\u0628\u062f\u0631 \u0645\u062d\u0645\u062f","user_dept":"\u0627\u0644\u0634\u0624\u0648\u0646 \u0627\u0644\u0642\u0627\u0646\u0648\u0646\u064a\u0629","user_ext":"1119","email":"bader@example.com","password":"$2y$10$krbzkkUVLEMTSXb12KmPiOLf3xH\/Tq9ybN9fa7mZN17vCSFWDsnwW","created_at":{"date":"2025-09-20 09:20:30.000000","timezone_type":3,"timezone":"UTC"},"updated_at":{"date":"2025-09-20 09:20:30.000000","timezone_type":3,"timezone":"UTC"}}
DEBUG - 2025-09-25 07:34:49 --> Session: Class initialized using 'CodeIgniter\Session\Handlers\FileHandler' driver.
DEBUG - 2025-09-25 07:35:21 --> Session: Class initialized using 'CodeIgniter\Session\Handlers\FileHandler' driver.
INFO - 2025-09-25 07:35:44 --> Search term: راوت
INFO - 2025-09-25 07:35:44 --> Search term: را
INFO - 2025-09-25 07:35:44 --> Search term: راو
INFO - 2025-09-25 07:35:44 --> Search term: راوتر
INFO - 2025-09-25 07:35:46 --> Items found: 1
INFO - 2025-09-25 07:35:46 --> Items found: 1
INFO - 2025-09-25 07:35:46 --> Items found: 2
INFO - 2025-09-25 07:35:46 --> Items found: 1
INFO - 2025-09-25 07:36:23 --> Search term: را
INFO - 2025-09-25 07:36:25 --> Items found: 2
DEBUG - 2025-09-25 07:36:35 --> Session: Class initialized using 'CodeIgniter\Session\Handlers\FileHandler' driver.
DEBUG - 2025-09-25 07:36:40 --> Session: Class initialized using 'CodeIgniter\Session\Handlers\FileHandler' driver.
DEBUG - 2025-09-25 07:37:09 --> Session: Class initialized using 'CodeIgniter\Session\Handlers\FileHandler' driver.
DEBUG - 2025-09-25 07:37:12 --> Session: Class initialized using 'CodeIgniter\Session\Handlers\FileHandler' driver.
DEBUG - 2025-09-25 07:37:18 --> Session: Class initialized using 'CodeIgniter\Session\Handlers\FileHandler' driver.
DEBUG - 2025-09-25 07:37:23 --> Session: Class initialized using 'CodeIgniter\Session\Handlers\FileHandler' driver.
DEBUG - 2025-09-25 08:07:23 --> Session: Class initialized using 'CodeIgniter\Session\Handlers\FileHandler' driver.
DEBUG - 2025-09-25 22:54:40 --> Session: Class initialized using 'CodeIgniter\Session\Handlers\FileHandler' driver.
DEBUG - 2025-09-25 22:54:46 --> Session: Class initialized using 'CodeIgniter\Session\Handlers\FileHandler' driver.
DEBUG - 2025-09-25 22:54:46 --> Session: Class initialized using 'CodeIgniter\Session\Handlers\FileHandler' driver.
DEBUG - 2025-09-25 22:54:53 --> Session: Class initialized using 'CodeIgniter\Session\Handlers\FileHandler' driver.
DEBUG - 2025-09-25 22:55:03 --> Session: Class initialized using 'CodeIgniter\Session\Handlers\FileHandler' driver.
CRITICAL - 2025-09-25 22:55:26 --> CodeIgniter\View\Exceptions\ViewException: Invalid file: "warehouse/addMultiItemOrder.php"
[Method: GET, Route: MultiItemOrderController/create]
in SYSTEMPATH\Exceptions\FrameworkException.php on line 39.
 1 SYSTEMPATH\View\View.php(212): CodeIgniter\Exceptions\FrameworkException::forInvalidFile('warehouse/addMultiItemOrder.php')
 2 SYSTEMPATH\Common.php(1173): CodeIgniter\View\View->render('warehouse/addMultiItemOrder', [], true)
 3 APPPATH\Controllers\MultiItemOrderController.php(50): view('warehouse/addMultiItemOrder')
 4 SYSTEMPATH\CodeIgniter.php(933): App\Controllers\MultiItemOrderController->create()
 5 SYSTEMPATH\CodeIgniter.php(507): CodeIgniter\CodeIgniter->runController(Object(App\Controllers\MultiItemOrderController))
 6 SYSTEMPATH\CodeIgniter.php(354): CodeIgniter\CodeIgniter->handleRequest(null, Object(Config\Cache), false)
 7 SYSTEMPATH\Boot.php(334): CodeIgniter\CodeIgniter->run()
 8 SYSTEMPATH\Boot.php(67): CodeIgniter\Boot::runCodeIgniter(Object(CodeIgniter\CodeIgniter))
 9 FCPATH\index.php(59): CodeIgniter\Boot::bootWeb(Object(Config\Paths))
DEBUG - 2025-09-25 22:57:35 --> Session: Class initialized using 'CodeIgniter\Session\Handlers\FileHandler' driver.
DEBUG - 2025-09-25 23:01:05 --> Session: Class initialized using 'CodeIgniter\Session\Handlers\FileHandler' driver.
DEBUG - 2025-09-25 23:22:46 --> Session: Class initialized using 'CodeIgniter\Session\Handlers\FileHandler' driver.
DEBUG - 2025-09-25 23:56:41 --> Session: Class initialized using 'CodeIgniter\Session\Handlers\FileHandler' driver.
DEBUG - 2025-09-25 23:59:42 --> Session: Class initialized using 'CodeIgniter\Session\Handlers\FileHandler' driver.
