DEBUG - 2025-09-27 21:47:34 --> Session: Class initialized using 'CodeIgniter\Session\Handlers\FileHandler' driver.
DEBUG - 2025-09-27 21:47:38 --> Session: Class initialized using 'CodeIgniter\Session\Handlers\FileHandler' driver.
DEBUG - 2025-09-27 21:47:38 --> Session: Class initialized using 'CodeIgniter\Session\Handlers\FileHandler' driver.
DEBUG - 2025-09-27 21:47:39 --> Session: Class initialized using 'CodeIgniter\Session\Handlers\FileHandler' driver.
DEBUG - 2025-09-27 21:47:41 --> Session: Class initialized using 'CodeIgniter\Session\Handlers\FileHandler' driver.
INFO - 2025-09-27 21:48:04 --> UpdateOrder - Order ID: 10
INFO - 2025-09-27 21:48:04 --> Current items in database: 6
INFO - 2025-09-27 21:48:04 --> Submitted items from frontend: 6
INFO - 2025-09-27 21:48:04 --> Updating item 6 with data: {"asset_num":"123456788000000","serial_num":"12233339","brand":"","model_num":"1233","room_id":"1","note":"\u0627\u062a"}
INFO - 2025-09-27 21:48:04 --> Item 6 updated successfully
INFO - 2025-09-27 21:48:04 --> Order 10 updated successfully
DEBUG - 2025-09-27 21:48:06 --> Session: Class initialized using 'CodeIgniter\Session\Handlers\FileHandler' driver.
DEBUG - 2025-09-27 21:48:08 --> Session: Class initialized using 'CodeIgniter\Session\Handlers\FileHandler' driver.
DEBUG - 2025-09-27 21:48:19 --> Session: Class initialized using 'CodeIgniter\Session\Handlers\FileHandler' driver.
DEBUG - 2025-09-27 21:48:21 --> Session: Class initialized using 'CodeIgniter\Session\Handlers\FileHandler' driver.
DEBUG - 2025-09-27 21:48:29 --> Session: Class initialized using 'CodeIgniter\Session\Handlers\FileHandler' driver.
DEBUG - 2025-09-27 21:48:30 --> Session: Class initialized using 'CodeIgniter\Session\Handlers\FileHandler' driver.
INFO - 2025-09-27 21:48:38 --> UpdateOrder - Order ID: 10
INFO - 2025-09-27 21:48:38 --> Current items in database: 6
INFO - 2025-09-27 21:48:38 --> Submitted items from frontend: 6
INFO - 2025-09-27 21:48:38 --> Updating item 6 with data: {"asset_num":"123456788000000","serial_num":"12233339","brand":"","model_num":"1233","room_id":"1","note":"\u0627\u062a"}
INFO - 2025-09-27 21:48:38 --> Item 6 updated successfully
INFO - 2025-09-27 21:48:38 --> Order 10 updated successfully
DEBUG - 2025-09-27 21:48:39 --> Session: Class initialized using 'CodeIgniter\Session\Handlers\FileHandler' driver.
DEBUG - 2025-09-27 21:48:41 --> Session: Class initialized using 'CodeIgniter\Session\Handlers\FileHandler' driver.
DEBUG - 2025-09-27 21:55:43 --> Session: Class initialized using 'CodeIgniter\Session\Handlers\FileHandler' driver.
DEBUG - 2025-09-27 21:55:46 --> Session: Class initialized using 'CodeIgniter\Session\Handlers\FileHandler' driver.
DEBUG - 2025-09-27 21:55:49 --> Session: Class initialized using 'CodeIgniter\Session\Handlers\FileHandler' driver.
DEBUG - 2025-09-27 21:55:50 --> Session: Class initialized using 'CodeIgniter\Session\Handlers\FileHandler' driver.
DEBUG - 2025-09-27 21:55:58 --> Session: Class initialized using 'CodeIgniter\Session\Handlers\FileHandler' driver.
DEBUG - 2025-09-27 21:56:01 --> Session: Class initialized using 'CodeIgniter\Session\Handlers\FileHandler' driver.
DEBUG - 2025-09-27 21:56:05 --> Session: Class initialized using 'CodeIgniter\Session\Handlers\FileHandler' driver.
