ERROR - 2025-09-01 09:06:30 --> mysqli_sql_exception: Can't create table `finaldb`.`order` (errno: 150 "Foreign key constraint is incorrectly formed") in C:\xampp\htdocs\ci43\system\Database\MySQLi\Connection.php:327
Stack trace:
#0 C:\xampp\htdocs\ci43\system\Database\MySQLi\Connection.php(327): mysqli->query('CREATE TABLE `o...', 0)
#1 C:\xampp\htdocs\ci43\system\Database\BaseConnection.php(738): CodeIgniter\Database\MySQLi\Connection->execute('CREATE TABLE `o...')
#2 C:\xampp\htdocs\ci43\system\Database\BaseConnection.php(652): CodeIgniter\Database\BaseConnection->simpleQuery('CREATE TABLE `o...')
#3 C:\xampp\htdocs\ci43\system\Database\Forge.php(570): CodeIgniter\Database\BaseConnection->query('CREATE TABLE `o...')
#4 C:\xampp\htdocs\ci43\app\Database\Migrations\2025-08-27-092211_FinalTables.php(300): CodeIgniter\Database\Forge->createTable('order')
#5 C:\xampp\htdocs\ci43\system\Database\MigrationRunner.php(876): App\Database\Migrations\FinalTables->up()
#6 C:\xampp\htdocs\ci43\system\Database\MigrationRunner.php(182): CodeIgniter\Database\MigrationRunner->migrate('up', Object(stdClass))
#7 C:\xampp\htdocs\ci43\system\Commands\Database\Migrate.php(85): CodeIgniter\Database\MigrationRunner->latest(NULL)
#8 C:\xampp\htdocs\ci43\system\CLI\Commands.php(74): CodeIgniter\Commands\Database\Migrate->run(Array)
#9 C:\xampp\htdocs\ci43\system\CLI\Console.php(47): CodeIgniter\CLI\Commands->run('migrate', Array)
#10 C:\xampp\htdocs\ci43\system\Boot.php(360): CodeIgniter\CLI\Console->run()
#11 C:\xampp\htdocs\ci43\system\Boot.php(104): CodeIgniter\Boot::runCommand(Object(CodeIgniter\CLI\Console))
#12 C:\xampp\htdocs\ci43\spark(87): CodeIgniter\Boot::bootSpark(Object(Config\Paths))
#13 {main}
ERROR - 2025-09-01 09:14:56 --> mysqli_sql_exception: Can't create table `finaldb`.`order` (errno: 150 "Foreign key constraint is incorrectly formed") in C:\xampp\htdocs\ci43\system\Database\MySQLi\Connection.php:327
Stack trace:
#0 C:\xampp\htdocs\ci43\system\Database\MySQLi\Connection.php(327): mysqli->query('CREATE TABLE `o...', 0)
#1 C:\xampp\htdocs\ci43\system\Database\BaseConnection.php(738): CodeIgniter\Database\MySQLi\Connection->execute('CREATE TABLE `o...')
#2 C:\xampp\htdocs\ci43\system\Database\BaseConnection.php(652): CodeIgniter\Database\BaseConnection->simpleQuery('CREATE TABLE `o...')
#3 C:\xampp\htdocs\ci43\system\Database\Forge.php(570): CodeIgniter\Database\BaseConnection->query('CREATE TABLE `o...')
#4 C:\xampp\htdocs\ci43\app\Database\Migrations\2025-08-27-092211_FinalTables.php(299): CodeIgniter\Database\Forge->createTable('order')
#5 C:\xampp\htdocs\ci43\system\Database\MigrationRunner.php(876): App\Database\Migrations\FinalTables->up()
#6 C:\xampp\htdocs\ci43\system\Database\MigrationRunner.php(182): CodeIgniter\Database\MigrationRunner->migrate('up', Object(stdClass))
#7 C:\xampp\htdocs\ci43\system\Commands\Database\Migrate.php(85): CodeIgniter\Database\MigrationRunner->latest(NULL)
#8 C:\xampp\htdocs\ci43\system\CLI\Commands.php(74): CodeIgniter\Commands\Database\Migrate->run(Array)
#9 C:\xampp\htdocs\ci43\system\CLI\Console.php(47): CodeIgniter\CLI\Commands->run('migrate', Array)
#10 C:\xampp\htdocs\ci43\system\Boot.php(360): CodeIgniter\CLI\Console->run()
#11 C:\xampp\htdocs\ci43\system\Boot.php(104): CodeIgniter\Boot::runCommand(Object(CodeIgniter\CLI\Console))
#12 C:\xampp\htdocs\ci43\spark(87): CodeIgniter\Boot::bootSpark(Object(Config\Paths))
#13 {main}
ERROR - 2025-09-01 09:21:15 --> mysqli_sql_exception: Can't create table `finaldb`.`order` (errno: 150 "Foreign key constraint is incorrectly formed") in C:\xampp\htdocs\ci43\system\Database\MySQLi\Connection.php:327
Stack trace:
#0 C:\xampp\htdocs\ci43\system\Database\MySQLi\Connection.php(327): mysqli->query('CREATE TABLE `o...', 0)
#1 C:\xampp\htdocs\ci43\system\Database\BaseConnection.php(738): CodeIgniter\Database\MySQLi\Connection->execute('CREATE TABLE `o...')
#2 C:\xampp\htdocs\ci43\system\Database\BaseConnection.php(652): CodeIgniter\Database\BaseConnection->simpleQuery('CREATE TABLE `o...')
#3 C:\xampp\htdocs\ci43\system\Database\Forge.php(570): CodeIgniter\Database\BaseConnection->query('CREATE TABLE `o...')
#4 C:\xampp\htdocs\ci43\app\Database\Migrations\2025-08-27-092211_FinalTables.php(299): CodeIgniter\Database\Forge->createTable('order')
#5 C:\xampp\htdocs\ci43\system\Database\MigrationRunner.php(876): App\Database\Migrations\FinalTables->up()
#6 C:\xampp\htdocs\ci43\system\Database\MigrationRunner.php(182): CodeIgniter\Database\MigrationRunner->migrate('up', Object(stdClass))
#7 C:\xampp\htdocs\ci43\system\Commands\Database\Migrate.php(85): CodeIgniter\Database\MigrationRunner->latest(NULL)
#8 C:\xampp\htdocs\ci43\system\CLI\Commands.php(74): CodeIgniter\Commands\Database\Migrate->run(Array)
#9 C:\xampp\htdocs\ci43\system\CLI\Console.php(47): CodeIgniter\CLI\Commands->run('migrate', Array)
#10 C:\xampp\htdocs\ci43\system\Boot.php(360): CodeIgniter\CLI\Console->run()
#11 C:\xampp\htdocs\ci43\system\Boot.php(104): CodeIgniter\Boot::runCommand(Object(CodeIgniter\CLI\Console))
#12 C:\xampp\htdocs\ci43\spark(87): CodeIgniter\Boot::bootSpark(Object(Config\Paths))
#13 {main}
