DEBUG - 2025-09-06 07:40:03 --> Session: Class initialized using 'CodeIgniter\Session\Handlers\FileHandler' driver.
DEBUG - 2025-09-06 07:40:40 --> Search term: test
DEBUG - 2025-09-06 07:40:42 --> Items found: 0
DEBUG - 2025-09-06 07:41:56 --> Buildings: 8
DEBUG - 2025-09-06 07:41:56 --> Categories: 6
DEBUG - 2025-09-06 07:41:56 --> Departments: 5
CRITICAL - 2025-09-06 08:04:44 --> ErrorException: Cannot use try without catch or finally
[Method: GET, Route: OrderController/create]
in APPPATH\Controllers\OrderController.php on line 706.
 1 [internal function]: CodeIgniter\Debug\Exceptions->shutdownHandler()
CRITICAL - 2025-09-06 08:15:06 --> Error: Class "App\Models\HistoryModel" not found
[Method: GET, Route: OrderController/create]
in APPPATH\Controllers\OrderController.php on line 50.
 1 SYSTEMPATH\CodeIgniter.php(903): App\Controllers\OrderController->__construct()
 2 SYSTEMPATH\CodeIgniter.php(498): CodeIgniter\CodeIgniter->createController()
 3 SYSTEMPATH\CodeIgniter.php(354): CodeIgniter\CodeIgniter->handleRequest(null, Object(Config\Cache), false)
 4 SYSTEMPATH\Boot.php(334): CodeIgniter\CodeIgniter->run()
 5 SYSTEMPATH\Boot.php(67): CodeIgniter\Boot::runCodeIgniter(Object(CodeIgniter\CodeIgniter))
 6 FCPATH\index.php(59): CodeIgniter\Boot::bootWeb(Object(Config\Paths))
DEBUG - 2025-09-06 08:27:07 --> Session: Class initialized using 'CodeIgniter\Session\Handlers\FileHandler' driver.
DEBUG - 2025-09-06 08:27:12 --> Session: Class initialized using 'CodeIgniter\Session\Handlers\FileHandler' driver.
DEBUG - 2025-09-06 08:27:12 --> Session: Class initialized using 'CodeIgniter\Session\Handlers\FileHandler' driver.
DEBUG - 2025-09-06 08:27:14 --> Session: Class initialized using 'CodeIgniter\Session\Handlers\FileHandler' driver.
DEBUG - 2025-09-06 08:30:53 --> Session: Class initialized using 'CodeIgniter\Session\Handlers\FileHandler' driver.
DEBUG - 2025-09-06 08:30:54 --> Session: Class initialized using 'CodeIgniter\Session\Handlers\FileHandler' driver.
DEBUG - 2025-09-06 08:30:59 --> Session: Class initialized using 'CodeIgniter\Session\Handlers\FileHandler' driver.
CRITICAL - 2025-09-06 09:33:03 --> ParseError: syntax error, unexpected token "catch"
[Method: GET, Route: OrderController/create]
in APPPATH\Controllers\OrderController.php on line 360.
 1 SYSTEMPATH\Router\Router.php(567): CodeIgniter\Router\AutoRouter->getRoute('OrderController/create', 'GET')
 2 SYSTEMPATH\Router\Router.php(231): CodeIgniter\Router\Router->autoRoute('OrderController/create')
 3 SYSTEMPATH\CodeIgniter.php(832): CodeIgniter\Router\Router->handle('OrderController/create')
 4 SYSTEMPATH\CodeIgniter.php(455): CodeIgniter\CodeIgniter->tryToRouteIt(Object(CodeIgniter\Router\RouteCollection))
 5 SYSTEMPATH\CodeIgniter.php(354): CodeIgniter\CodeIgniter->handleRequest(null, Object(Config\Cache), false)
 6 SYSTEMPATH\Boot.php(334): CodeIgniter\CodeIgniter->run()
 7 SYSTEMPATH\Boot.php(67): CodeIgniter\Boot::runCodeIgniter(Object(CodeIgniter\CodeIgniter))
 8 FCPATH\index.php(59): CodeIgniter\Boot::bootWeb(Object(Config\Paths))
CRITICAL - 2025-09-06 09:35:10 --> ParseError: syntax error, unexpected token "catch"
[Method: GET, Route: OrderController/create]
in APPPATH\Controllers\OrderController.php on line 360.
 1 SYSTEMPATH\Router\Router.php(567): CodeIgniter\Router\AutoRouter->getRoute('OrderController/create', 'GET')
 2 SYSTEMPATH\Router\Router.php(231): CodeIgniter\Router\Router->autoRoute('OrderController/create')
 3 SYSTEMPATH\CodeIgniter.php(832): CodeIgniter\Router\Router->handle('OrderController/create')
 4 SYSTEMPATH\CodeIgniter.php(455): CodeIgniter\CodeIgniter->tryToRouteIt(Object(CodeIgniter\Router\RouteCollection))
 5 SYSTEMPATH\CodeIgniter.php(354): CodeIgniter\CodeIgniter->handleRequest(null, Object(Config\Cache), false)
 6 SYSTEMPATH\Boot.php(334): CodeIgniter\CodeIgniter->run()
 7 SYSTEMPATH\Boot.php(67): CodeIgniter\Boot::runCodeIgniter(Object(CodeIgniter\CodeIgniter))
 8 FCPATH\index.php(59): CodeIgniter\Boot::bootWeb(Object(Config\Paths))
CRITICAL - 2025-09-06 09:35:59 --> Error: Cannot use object of type App\Entities\Employee as array
[Method: GET, Route: OrderController/searchemployee]
in APPPATH\Controllers\OrderController.php on line 88.
 1 SYSTEMPATH\CodeIgniter.php(933): App\Controllers\OrderController->searchEmployee()
 2 SYSTEMPATH\CodeIgniter.php(507): CodeIgniter\CodeIgniter->runController(Object(App\Controllers\OrderController))
 3 SYSTEMPATH\CodeIgniter.php(354): CodeIgniter\CodeIgniter->handleRequest(null, Object(Config\Cache), false)
 4 SYSTEMPATH\Boot.php(334): CodeIgniter\CodeIgniter->run()
 5 SYSTEMPATH\Boot.php(67): CodeIgniter\Boot::runCodeIgniter(Object(CodeIgniter\CodeIgniter))
 6 FCPATH\index.php(59): CodeIgniter\Boot::bootWeb(Object(Config\Paths))
CRITICAL - 2025-09-06 09:48:01 --> Error: Cannot use object of type App\Entities\Employee as array
[Method: GET, Route: OrderController/searchemployee]
in APPPATH\Controllers\OrderController.php on line 88.
 1 SYSTEMPATH\CodeIgniter.php(933): App\Controllers\OrderController->searchEmployee()
 2 SYSTEMPATH\CodeIgniter.php(507): CodeIgniter\CodeIgniter->runController(Object(App\Controllers\OrderController))
 3 SYSTEMPATH\CodeIgniter.php(354): CodeIgniter\CodeIgniter->handleRequest(null, Object(Config\Cache), false)
 4 SYSTEMPATH\Boot.php(334): CodeIgniter\CodeIgniter->run()
 5 SYSTEMPATH\Boot.php(67): CodeIgniter\Boot::runCodeIgniter(Object(CodeIgniter\CodeIgniter))
 6 FCPATH\index.php(59): CodeIgniter\Boot::bootWeb(Object(Config\Paths))
CRITICAL - 2025-09-06 09:48:14 --> Error: Cannot use object of type App\Entities\Employee as array
[Method: GET, Route: OrderController/searchemployee]
in APPPATH\Controllers\OrderController.php on line 88.
 1 SYSTEMPATH\CodeIgniter.php(933): App\Controllers\OrderController->searchEmployee()
 2 SYSTEMPATH\CodeIgniter.php(507): CodeIgniter\CodeIgniter->runController(Object(App\Controllers\OrderController))
 3 SYSTEMPATH\CodeIgniter.php(354): CodeIgniter\CodeIgniter->handleRequest(null, Object(Config\Cache), false)
 4 SYSTEMPATH\Boot.php(334): CodeIgniter\CodeIgniter->run()
 5 SYSTEMPATH\Boot.php(67): CodeIgniter\Boot::runCodeIgniter(Object(CodeIgniter\CodeIgniter))
 6 FCPATH\index.php(59): CodeIgniter\Boot::bootWeb(Object(Config\Paths))
CRITICAL - 2025-09-06 09:48:50 --> Error: Cannot use object of type App\Entities\Employee as array
[Method: GET, Route: OrderController/searchemployee]
in APPPATH\Controllers\OrderController.php on line 88.
 1 SYSTEMPATH\CodeIgniter.php(933): App\Controllers\OrderController->searchEmployee()
 2 SYSTEMPATH\CodeIgniter.php(507): CodeIgniter\CodeIgniter->runController(Object(App\Controllers\OrderController))
 3 SYSTEMPATH\CodeIgniter.php(354): CodeIgniter\CodeIgniter->handleRequest(null, Object(Config\Cache), false)
 4 SYSTEMPATH\Boot.php(334): CodeIgniter\CodeIgniter->run()
 5 SYSTEMPATH\Boot.php(67): CodeIgniter\Boot::runCodeIgniter(Object(CodeIgniter\CodeIgniter))
 6 FCPATH\index.php(59): CodeIgniter\Boot::bootWeb(Object(Config\Paths))
CRITICAL - 2025-09-06 09:49:10 --> Error: Cannot use object of type App\Entities\Employee as array
[Method: GET, Route: OrderController/searchemployee]
in APPPATH\Controllers\OrderController.php on line 88.
 1 SYSTEMPATH\CodeIgniter.php(933): App\Controllers\OrderController->searchEmployee()
 2 SYSTEMPATH\CodeIgniter.php(507): CodeIgniter\CodeIgniter->runController(Object(App\Controllers\OrderController))
 3 SYSTEMPATH\CodeIgniter.php(354): CodeIgniter\CodeIgniter->handleRequest(null, Object(Config\Cache), false)
 4 SYSTEMPATH\Boot.php(334): CodeIgniter\CodeIgniter->run()
 5 SYSTEMPATH\Boot.php(67): CodeIgniter\Boot::runCodeIgniter(Object(CodeIgniter\CodeIgniter))
 6 FCPATH\index.php(59): CodeIgniter\Boot::bootWeb(Object(Config\Paths))
INFO - 2025-09-06 09:55:43 --> Search term: كر
INFO - 2025-09-06 09:55:43 --> Search term: كرا
INFO - 2025-09-06 09:55:47 --> Search term: كراس
INFO - 2025-09-06 09:55:48 --> Search term: كراسي
INFO - 2025-09-06 09:55:51 --> Search term: كراس
INFO - 2025-09-06 09:55:51 --> Search term: كرا
INFO - 2025-09-06 09:55:52 --> Search term: كر
INFO - 2025-09-06 09:56:19 --> Employee search started for: EMP001
ERROR - 2025-09-06 09:56:21 --> Employees table does not exist
INFO - 2025-09-06 09:56:25 --> Employee search started for: EMP00
ERROR - 2025-09-06 09:56:27 --> Employees table does not exist
INFO - 2025-09-06 09:56:34 --> Employee search started for: EMP002
ERROR - 2025-09-06 09:56:36 --> Employees table does not exist
INFO - 2025-09-06 09:57:46 --> Employee search started for: EMP00
ERROR - 2025-09-06 09:57:48 --> Employees table does not exist
INFO - 2025-09-06 09:57:49 --> Employee search started for: EMP001
ERROR - 2025-09-06 09:57:52 --> Employees table does not exist
INFO - 2025-09-06 09:58:34 --> Employee search started for: EMP
INFO - 2025-09-06 09:58:36 --> Employee search started for: 123
ERROR - 2025-09-06 09:58:36 --> Employees table does not exist
ERROR - 2025-09-06 09:58:38 --> Employees table does not exist
INFO - 2025-09-06 10:05:42 --> Employee search started for: 123
INFO - 2025-09-06 10:05:44 --> Employee table fields: ["id","emp_id","name","emp_dept","emp_ext","email","password","created_at","updated_at"]
INFO - 2025-09-06 10:05:44 --> Employee search result: {"id":"7","emp_id":"123","name":"\u0623\u062d\u0645\u062f \u0645\u062d\u0645\u062f","emp_dept":"\u062a\u0642\u0646\u064a\u0629 \u0627\u0644\u0645\u0639\u0644\u0648\u0645\u0627\u062a","emp_ext":"1234","email":"test@test.com","password":"123456","created_at":{"date":"2025-09-06 10:54:44.000000","timezone_type":3,"timezone":"UTC"},"updated_at":{"date":"2025-09-06 10:54:44.000000","timezone_type":3,"timezone":"UTC"}}
CRITICAL - 2025-09-06 10:05:44 --> Error: Cannot use object of type App\Entities\Employee as array
[Method: GET, Route: OrderController/searchemployee]
in APPPATH\Controllers\OrderController.php on line 130.
 1 SYSTEMPATH\CodeIgniter.php(933): App\Controllers\OrderController->searchemployee()
 2 SYSTEMPATH\CodeIgniter.php(507): CodeIgniter\CodeIgniter->runController(Object(App\Controllers\OrderController))
 3 SYSTEMPATH\CodeIgniter.php(354): CodeIgniter\CodeIgniter->handleRequest(null, Object(Config\Cache), false)
 4 SYSTEMPATH\Boot.php(334): CodeIgniter\CodeIgniter->run()
 5 SYSTEMPATH\Boot.php(67): CodeIgniter\Boot::runCodeIgniter(Object(CodeIgniter\CodeIgniter))
 6 FCPATH\index.php(59): CodeIgniter\Boot::bootWeb(Object(Config\Paths))
INFO - 2025-09-06 10:05:59 --> Employee search started for: EMP001
INFO - 2025-09-06 10:06:01 --> Employee table fields: ["id","emp_id","name","emp_dept","emp_ext","email","password","created_at","updated_at"]
INFO - 2025-09-06 10:06:01 --> Employee search result: {"id":"1","emp_id":"EMP001","name":"\u0623\u062d\u0645\u062f \u0645\u062d\u0645\u062f \u0627\u0644\u0623\u062d\u0645\u062f","emp_dept":"\u062a\u0642\u0646\u064a\u0629 \u0627\u0644\u0645\u0639\u0644\u0648\u0645\u0627\u062a","emp_ext":"1001","email":"ahmed@company.com","password":"$2y$10$1E\/C15MEE8TZ..qAkdK2k.OKLkbgpSKkEoYHpNY\/J96xgDB7yYFyO","created_at":{"date":"2025-09-02 21:15:07.000000","timezone_type":3,"timezone":"UTC"},"updated_at":{"date":"2025-09-02 21:15:07.000000","timezone_type":3,"timezone":"UTC"}}
CRITICAL - 2025-09-06 10:06:01 --> Error: Cannot use object of type App\Entities\Employee as array
[Method: GET, Route: OrderController/searchemployee]
in APPPATH\Controllers\OrderController.php on line 130.
 1 SYSTEMPATH\CodeIgniter.php(933): App\Controllers\OrderController->searchemployee()
 2 SYSTEMPATH\CodeIgniter.php(507): CodeIgniter\CodeIgniter->runController(Object(App\Controllers\OrderController))
 3 SYSTEMPATH\CodeIgniter.php(354): CodeIgniter\CodeIgniter->handleRequest(null, Object(Config\Cache), false)
 4 SYSTEMPATH\Boot.php(334): CodeIgniter\CodeIgniter->run()
 5 SYSTEMPATH\Boot.php(67): CodeIgniter\Boot::runCodeIgniter(Object(CodeIgniter\CodeIgniter))
 6 FCPATH\index.php(59): CodeIgniter\Boot::bootWeb(Object(Config\Paths))
INFO - 2025-09-06 10:06:07 --> Search term: كر
INFO - 2025-09-06 10:07:26 --> Employee search started for: EMP001
INFO - 2025-09-06 10:07:28 --> Employee table fields: ["id","emp_id","name","emp_dept","emp_ext","email","password","created_at","updated_at"]
INFO - 2025-09-06 10:07:28 --> Employee search result: {"id":"1","emp_id":"EMP001","name":"\u0623\u062d\u0645\u062f \u0645\u062d\u0645\u062f \u0627\u0644\u0623\u062d\u0645\u062f","emp_dept":"\u062a\u0642\u0646\u064a\u0629 \u0627\u0644\u0645\u0639\u0644\u0648\u0645\u0627\u062a","emp_ext":"1001","email":"ahmed@company.com","password":"$2y$10$1E\/C15MEE8TZ..qAkdK2k.OKLkbgpSKkEoYHpNY\/J96xgDB7yYFyO","created_at":{"date":"2025-09-02 21:15:07.000000","timezone_type":3,"timezone":"UTC"},"updated_at":{"date":"2025-09-02 21:15:07.000000","timezone_type":3,"timezone":"UTC"}}
CRITICAL - 2025-09-06 10:07:28 --> Error: Cannot use object of type App\Entities\Employee as array
[Method: GET, Route: OrderController/searchemployee]
in APPPATH\Controllers\OrderController.php on line 130.
 1 SYSTEMPATH\CodeIgniter.php(933): App\Controllers\OrderController->searchemployee()
 2 SYSTEMPATH\CodeIgniter.php(507): CodeIgniter\CodeIgniter->runController(Object(App\Controllers\OrderController))
 3 SYSTEMPATH\CodeIgniter.php(354): CodeIgniter\CodeIgniter->handleRequest(null, Object(Config\Cache), false)
 4 SYSTEMPATH\Boot.php(334): CodeIgniter\CodeIgniter->run()
 5 SYSTEMPATH\Boot.php(67): CodeIgniter\Boot::runCodeIgniter(Object(CodeIgniter\CodeIgniter))
 6 FCPATH\index.php(59): CodeIgniter\Boot::bootWeb(Object(Config\Paths))
INFO - 2025-09-06 10:07:31 --> Employee search started for: EMP
INFO - 2025-09-06 10:07:33 --> Employee table fields: ["id","emp_id","name","emp_dept","emp_ext","email","password","created_at","updated_at"]
INFO - 2025-09-06 10:07:33 --> Employee search result: null
INFO - 2025-09-06 10:07:34 --> Employee search started for: 123
INFO - 2025-09-06 10:07:36 --> Employee table fields: ["id","emp_id","name","emp_dept","emp_ext","email","password","created_at","updated_at"]
INFO - 2025-09-06 10:07:36 --> Employee search result: {"id":"7","emp_id":"123","name":"\u0623\u062d\u0645\u062f \u0645\u062d\u0645\u062f","emp_dept":"\u062a\u0642\u0646\u064a\u0629 \u0627\u0644\u0645\u0639\u0644\u0648\u0645\u0627\u062a","emp_ext":"1234","email":"test@test.com","password":"123456","created_at":{"date":"2025-09-06 10:54:44.000000","timezone_type":3,"timezone":"UTC"},"updated_at":{"date":"2025-09-06 10:54:44.000000","timezone_type":3,"timezone":"UTC"}}
CRITICAL - 2025-09-06 10:07:36 --> Error: Cannot use object of type App\Entities\Employee as array
[Method: GET, Route: OrderController/searchemployee]
in APPPATH\Controllers\OrderController.php on line 130.
 1 SYSTEMPATH\CodeIgniter.php(933): App\Controllers\OrderController->searchemployee()
 2 SYSTEMPATH\CodeIgniter.php(507): CodeIgniter\CodeIgniter->runController(Object(App\Controllers\OrderController))
 3 SYSTEMPATH\CodeIgniter.php(354): CodeIgniter\CodeIgniter->handleRequest(null, Object(Config\Cache), false)
 4 SYSTEMPATH\Boot.php(334): CodeIgniter\CodeIgniter->run()
 5 SYSTEMPATH\Boot.php(67): CodeIgniter\Boot::runCodeIgniter(Object(CodeIgniter\CodeIgniter))
 6 FCPATH\index.php(59): CodeIgniter\Boot::bootWeb(Object(Config\Paths))
INFO - 2025-09-06 10:07:36 --> Employee search started for: 1233
INFO - 2025-09-06 10:07:37 --> Employee search started for: 12334
INFO - 2025-09-06 10:07:38 --> Employee table fields: ["id","emp_id","name","emp_dept","emp_ext","email","password","created_at","updated_at"]
INFO - 2025-09-06 10:07:38 --> Employee search result: null
INFO - 2025-09-06 10:07:39 --> Employee table fields: ["id","emp_id","name","emp_dept","emp_ext","email","password","created_at","updated_at"]
INFO - 2025-09-06 10:07:39 --> Employee search result: null
INFO - 2025-09-06 10:07:41 --> Employee search started for: 123
INFO - 2025-09-06 10:07:43 --> Employee table fields: ["id","emp_id","name","emp_dept","emp_ext","email","password","created_at","updated_at"]
INFO - 2025-09-06 10:07:43 --> Employee search result: {"id":"7","emp_id":"123","name":"\u0623\u062d\u0645\u062f \u0645\u062d\u0645\u062f","emp_dept":"\u062a\u0642\u0646\u064a\u0629 \u0627\u0644\u0645\u0639\u0644\u0648\u0645\u0627\u062a","emp_ext":"1234","email":"test@test.com","password":"123456","created_at":{"date":"2025-09-06 10:54:44.000000","timezone_type":3,"timezone":"UTC"},"updated_at":{"date":"2025-09-06 10:54:44.000000","timezone_type":3,"timezone":"UTC"}}
CRITICAL - 2025-09-06 10:07:43 --> Error: Cannot use object of type App\Entities\Employee as array
[Method: GET, Route: OrderController/searchemployee]
in APPPATH\Controllers\OrderController.php on line 130.
 1 SYSTEMPATH\CodeIgniter.php(933): App\Controllers\OrderController->searchemployee()
 2 SYSTEMPATH\CodeIgniter.php(507): CodeIgniter\CodeIgniter->runController(Object(App\Controllers\OrderController))
 3 SYSTEMPATH\CodeIgniter.php(354): CodeIgniter\CodeIgniter->handleRequest(null, Object(Config\Cache), false)
 4 SYSTEMPATH\Boot.php(334): CodeIgniter\CodeIgniter->run()
 5 SYSTEMPATH\Boot.php(67): CodeIgniter\Boot::runCodeIgniter(Object(CodeIgniter\CodeIgniter))
 6 FCPATH\index.php(59): CodeIgniter\Boot::bootWeb(Object(Config\Paths))
INFO - 2025-09-06 10:08:39 --> Search term: كر
INFO - 2025-09-06 10:08:59 --> Employee search started for: EMP001
INFO - 2025-09-06 10:09:01 --> Employee table fields: ["id","emp_id","name","emp_dept","emp_ext","email","password","created_at","updated_at"]
INFO - 2025-09-06 10:09:01 --> Employee search result: {"id":"1","emp_id":"EMP001","name":"\u0623\u062d\u0645\u062f \u0645\u062d\u0645\u062f \u0627\u0644\u0623\u062d\u0645\u062f","emp_dept":"\u062a\u0642\u0646\u064a\u0629 \u0627\u0644\u0645\u0639\u0644\u0648\u0645\u0627\u062a","emp_ext":"1001","email":"ahmed@company.com","password":"$2y$10$1E\/C15MEE8TZ..qAkdK2k.OKLkbgpSKkEoYHpNY\/J96xgDB7yYFyO","created_at":{"date":"2025-09-02 21:15:07.000000","timezone_type":3,"timezone":"UTC"},"updated_at":{"date":"2025-09-02 21:15:07.000000","timezone_type":3,"timezone":"UTC"}}
CRITICAL - 2025-09-06 10:09:01 --> Error: Cannot use object of type App\Entities\Employee as array
[Method: GET, Route: OrderController/searchemployee]
in APPPATH\Controllers\OrderController.php on line 130.
 1 SYSTEMPATH\CodeIgniter.php(933): App\Controllers\OrderController->searchemployee()
 2 SYSTEMPATH\CodeIgniter.php(507): CodeIgniter\CodeIgniter->runController(Object(App\Controllers\OrderController))
 3 SYSTEMPATH\CodeIgniter.php(354): CodeIgniter\CodeIgniter->handleRequest(null, Object(Config\Cache), false)
 4 SYSTEMPATH\Boot.php(334): CodeIgniter\CodeIgniter->run()
 5 SYSTEMPATH\Boot.php(67): CodeIgniter\Boot::runCodeIgniter(Object(CodeIgniter\CodeIgniter))
 6 FCPATH\index.php(59): CodeIgniter\Boot::bootWeb(Object(Config\Paths))
INFO - 2025-09-06 10:09:03 --> Employee search started for: EMP00
INFO - 2025-09-06 10:09:05 --> Employee table fields: ["id","emp_id","name","emp_dept","emp_ext","email","password","created_at","updated_at"]
INFO - 2025-09-06 10:09:05 --> Employee search result: null
INFO - 2025-09-06 10:09:08 --> Employee search started for: EMP002
INFO - 2025-09-06 10:09:10 --> Employee table fields: ["id","emp_id","name","emp_dept","emp_ext","email","password","created_at","updated_at"]
INFO - 2025-09-06 10:09:10 --> Employee search result: {"id":"2","emp_id":"EMP002","name":"\u0641\u0627\u0637\u0645\u0629 \u0639\u0644\u064a \u0627\u0644\u0633\u0639\u062f","emp_dept":"\u0627\u0644\u0645\u0633\u062a\u0648\u062f\u0639\u0627\u062a","emp_ext":"1002","email":"fatima@company.com","password":"$2y$10$u.LxzIhkb8pKsGa1mEmlLuA1mvdu87AZjbVXgho1feOgcrmll.kva","created_at":{"date":"2025-09-02 21:15:07.000000","timezone_type":3,"timezone":"UTC"},"updated_at":{"date":"2025-09-02 21:15:07.000000","timezone_type":3,"timezone":"UTC"}}
CRITICAL - 2025-09-06 10:09:10 --> Error: Cannot use object of type App\Entities\Employee as array
[Method: GET, Route: OrderController/searchemployee]
in APPPATH\Controllers\OrderController.php on line 130.
 1 SYSTEMPATH\CodeIgniter.php(933): App\Controllers\OrderController->searchemployee()
 2 SYSTEMPATH\CodeIgniter.php(507): CodeIgniter\CodeIgniter->runController(Object(App\Controllers\OrderController))
 3 SYSTEMPATH\CodeIgniter.php(354): CodeIgniter\CodeIgniter->handleRequest(null, Object(Config\Cache), false)
 4 SYSTEMPATH\Boot.php(334): CodeIgniter\CodeIgniter->run()
 5 SYSTEMPATH\Boot.php(67): CodeIgniter\Boot::runCodeIgniter(Object(CodeIgniter\CodeIgniter))
 6 FCPATH\index.php(59): CodeIgniter\Boot::bootWeb(Object(Config\Paths))
INFO - 2025-09-06 10:09:28 --> Employee search started for: EMP001
INFO - 2025-09-06 10:09:30 --> Employee table fields: ["id","emp_id","name","emp_dept","emp_ext","email","password","created_at","updated_at"]
INFO - 2025-09-06 10:09:30 --> Employee search result: {"id":"1","emp_id":"EMP001","name":"\u0623\u062d\u0645\u062f \u0645\u062d\u0645\u062f \u0627\u0644\u0623\u062d\u0645\u062f","emp_dept":"\u062a\u0642\u0646\u064a\u0629 \u0627\u0644\u0645\u0639\u0644\u0648\u0645\u0627\u062a","emp_ext":"1001","email":"ahmed@company.com","password":"$2y$10$1E\/C15MEE8TZ..qAkdK2k.OKLkbgpSKkEoYHpNY\/J96xgDB7yYFyO","created_at":{"date":"2025-09-02 21:15:07.000000","timezone_type":3,"timezone":"UTC"},"updated_at":{"date":"2025-09-02 21:15:07.000000","timezone_type":3,"timezone":"UTC"}}
CRITICAL - 2025-09-06 10:09:30 --> Error: Cannot use object of type App\Entities\Employee as array
[Method: GET, Route: OrderController/searchemployee]
in APPPATH\Controllers\OrderController.php on line 130.
 1 SYSTEMPATH\CodeIgniter.php(933): App\Controllers\OrderController->searchemployee()
 2 SYSTEMPATH\CodeIgniter.php(507): CodeIgniter\CodeIgniter->runController(Object(App\Controllers\OrderController))
 3 SYSTEMPATH\CodeIgniter.php(354): CodeIgniter\CodeIgniter->handleRequest(null, Object(Config\Cache), false)
 4 SYSTEMPATH\Boot.php(334): CodeIgniter\CodeIgniter->run()
 5 SYSTEMPATH\Boot.php(67): CodeIgniter\Boot::runCodeIgniter(Object(CodeIgniter\CodeIgniter))
 6 FCPATH\index.php(59): CodeIgniter\Boot::bootWeb(Object(Config\Paths))
INFO - 2025-09-06 10:10:26 --> Employee search started for: 123
INFO - 2025-09-06 10:10:28 --> Employee table fields: ["id","emp_id","name","emp_dept","emp_ext","email","password","created_at","updated_at"]
INFO - 2025-09-06 10:10:28 --> Employee search result: null
INFO - 2025-09-06 10:10:30 --> Employee search started for: 1234
INFO - 2025-09-06 10:10:32 --> Employee table fields: ["id","emp_id","name","emp_dept","emp_ext","email","password","created_at","updated_at"]
INFO - 2025-09-06 10:10:32 --> Employee search result: null
INFO - 2025-09-06 10:10:34 --> Employee search started for: 12345
INFO - 2025-09-06 10:10:36 --> Employee table fields: ["id","emp_id","name","emp_dept","emp_ext","email","password","created_at","updated_at"]
INFO - 2025-09-06 10:10:36 --> Employee search result: null
INFO - 2025-09-06 10:10:38 --> Employee search started for: 123456
INFO - 2025-09-06 10:10:40 --> Employee table fields: ["id","emp_id","name","emp_dept","emp_ext","email","password","created_at","updated_at"]
INFO - 2025-09-06 10:10:40 --> Employee search result: {"id":"7","emp_id":"123456","name":"\u0623\u062d\u0645\u062f \u0645\u062d\u0645\u062f","emp_dept":"\u062a\u0642\u0646\u064a\u0629 \u0627\u0644\u0645\u0639\u0644\u0648\u0645\u0627\u062a","emp_ext":"1234","email":"test@test.com","password":"123456","created_at":{"date":"2025-09-06 10:54:44.000000","timezone_type":3,"timezone":"UTC"},"updated_at":{"date":"2025-09-06 13:10:16.000000","timezone_type":3,"timezone":"UTC"}}
CRITICAL - 2025-09-06 10:10:40 --> Error: Cannot use object of type App\Entities\Employee as array
[Method: GET, Route: OrderController/searchemployee]
in APPPATH\Controllers\OrderController.php on line 130.
 1 SYSTEMPATH\CodeIgniter.php(933): App\Controllers\OrderController->searchemployee()
 2 SYSTEMPATH\CodeIgniter.php(507): CodeIgniter\CodeIgniter->runController(Object(App\Controllers\OrderController))
 3 SYSTEMPATH\CodeIgniter.php(354): CodeIgniter\CodeIgniter->handleRequest(null, Object(Config\Cache), false)
 4 SYSTEMPATH\Boot.php(334): CodeIgniter\CodeIgniter->run()
 5 SYSTEMPATH\Boot.php(67): CodeIgniter\Boot::runCodeIgniter(Object(CodeIgniter\CodeIgniter))
 6 FCPATH\index.php(59): CodeIgniter\Boot::bootWeb(Object(Config\Paths))
INFO - 2025-09-06 10:12:51 --> Search term: كر
INFO - 2025-09-06 10:12:54 --> Search term: كرا
INFO - 2025-09-06 10:12:58 --> Search term: كر
INFO - 2025-09-06 10:12:59 --> Search term: كرس
INFO - 2025-09-06 10:13:11 --> Employee search started for: EMP001
INFO - 2025-09-06 10:13:13 --> Employee search result: {"id":"1","emp_id":"EMP001","name":"\u0623\u062d\u0645\u062f \u0645\u062d\u0645\u062f \u0627\u0644\u0623\u062d\u0645\u062f","emp_dept":"\u062a\u0642\u0646\u064a\u0629 \u0627\u0644\u0645\u0639\u0644\u0648\u0645\u0627\u062a","emp_ext":"1001","email":"ahmed@company.com","password":"$2y$10$1E\/C15MEE8TZ..qAkdK2k.OKLkbgpSKkEoYHpNY\/J96xgDB7yYFyO","created_at":{"date":"2025-09-02 21:15:07.000000","timezone_type":3,"timezone":"UTC"},"updated_at":{"date":"2025-09-02 21:15:07.000000","timezone_type":3,"timezone":"UTC"}}
CRITICAL - 2025-09-06 10:13:13 --> Error: Cannot use object of type App\Entities\Employee as array
[Method: GET, Route: OrderController/searchemployee]
in APPPATH\Controllers\OrderController.php on line 114.
 1 SYSTEMPATH\CodeIgniter.php(933): App\Controllers\OrderController->searchemployee()
 2 SYSTEMPATH\CodeIgniter.php(507): CodeIgniter\CodeIgniter->runController(Object(App\Controllers\OrderController))
 3 SYSTEMPATH\CodeIgniter.php(354): CodeIgniter\CodeIgniter->handleRequest(null, Object(Config\Cache), false)
 4 SYSTEMPATH\Boot.php(334): CodeIgniter\CodeIgniter->run()
 5 SYSTEMPATH\Boot.php(67): CodeIgniter\Boot::runCodeIgniter(Object(CodeIgniter\CodeIgniter))
 6 FCPATH\index.php(59): CodeIgniter\Boot::bootWeb(Object(Config\Paths))
INFO - 2025-09-06 10:13:21 --> Employee search started for: EMP
INFO - 2025-09-06 10:13:23 --> Employee search result: null
INFO - 2025-09-06 10:13:24 --> Employee search started for: 12345
INFO - 2025-09-06 10:13:26 --> Employee search result: null
INFO - 2025-09-06 10:13:29 --> Employee search started for: 123456
INFO - 2025-09-06 10:13:31 --> Employee search result: {"id":"7","emp_id":"123456","name":"\u0623\u062d\u0645\u062f \u0645\u062d\u0645\u062f","emp_dept":"\u062a\u0642\u0646\u064a\u0629 \u0627\u0644\u0645\u0639\u0644\u0648\u0645\u0627\u062a","emp_ext":"1234","email":"test@test.com","password":"123456","created_at":{"date":"2025-09-06 10:54:44.000000","timezone_type":3,"timezone":"UTC"},"updated_at":{"date":"2025-09-06 13:10:16.000000","timezone_type":3,"timezone":"UTC"}}
CRITICAL - 2025-09-06 10:13:31 --> Error: Cannot use object of type App\Entities\Employee as array
[Method: GET, Route: OrderController/searchemployee]
in APPPATH\Controllers\OrderController.php on line 114.
 1 SYSTEMPATH\CodeIgniter.php(933): App\Controllers\OrderController->searchemployee()
 2 SYSTEMPATH\CodeIgniter.php(507): CodeIgniter\CodeIgniter->runController(Object(App\Controllers\OrderController))
 3 SYSTEMPATH\CodeIgniter.php(354): CodeIgniter\CodeIgniter->handleRequest(null, Object(Config\Cache), false)
 4 SYSTEMPATH\Boot.php(334): CodeIgniter\CodeIgniter->run()
 5 SYSTEMPATH\Boot.php(67): CodeIgniter\Boot::runCodeIgniter(Object(CodeIgniter\CodeIgniter))
 6 FCPATH\index.php(59): CodeIgniter\Boot::bootWeb(Object(Config\Paths))
INFO - 2025-09-06 10:13:35 --> Employee search started for: 12345
INFO - 2025-09-06 10:13:37 --> Employee search result: null
INFO - 2025-09-06 10:13:41 --> Employee search started for: 123456
INFO - 2025-09-06 10:13:43 --> Employee search result: {"id":"7","emp_id":"123456","name":"\u0623\u062d\u0645\u062f \u0645\u062d\u0645\u062f","emp_dept":"\u062a\u0642\u0646\u064a\u0629 \u0627\u0644\u0645\u0639\u0644\u0648\u0645\u0627\u062a","emp_ext":"1234","email":"test@test.com","password":"123456","created_at":{"date":"2025-09-06 10:54:44.000000","timezone_type":3,"timezone":"UTC"},"updated_at":{"date":"2025-09-06 13:10:16.000000","timezone_type":3,"timezone":"UTC"}}
CRITICAL - 2025-09-06 10:13:43 --> Error: Cannot use object of type App\Entities\Employee as array
[Method: GET, Route: OrderController/searchemployee]
in APPPATH\Controllers\OrderController.php on line 114.
 1 SYSTEMPATH\CodeIgniter.php(933): App\Controllers\OrderController->searchemployee()
 2 SYSTEMPATH\CodeIgniter.php(507): CodeIgniter\CodeIgniter->runController(Object(App\Controllers\OrderController))
 3 SYSTEMPATH\CodeIgniter.php(354): CodeIgniter\CodeIgniter->handleRequest(null, Object(Config\Cache), false)
 4 SYSTEMPATH\Boot.php(334): CodeIgniter\CodeIgniter->run()
 5 SYSTEMPATH\Boot.php(67): CodeIgniter\Boot::runCodeIgniter(Object(CodeIgniter\CodeIgniter))
 6 FCPATH\index.php(59): CodeIgniter\Boot::bootWeb(Object(Config\Paths))
CRITICAL - 2025-09-06 10:14:25 --> Error: Cannot use object of type App\Entities\Items as array
[Method: POST, Route: OrderController/store]
in APPPATH\Controllers\OrderController.php on line 375.
 1 SYSTEMPATH\CodeIgniter.php(933): App\Controllers\OrderController->store()
 2 SYSTEMPATH\CodeIgniter.php(507): CodeIgniter\CodeIgniter->runController(Object(App\Controllers\OrderController))
 3 SYSTEMPATH\CodeIgniter.php(354): CodeIgniter\CodeIgniter->handleRequest(null, Object(Config\Cache), false)
 4 SYSTEMPATH\Boot.php(334): CodeIgniter\CodeIgniter->run()
 5 SYSTEMPATH\Boot.php(67): CodeIgniter\Boot::runCodeIgniter(Object(CodeIgniter\CodeIgniter))
 6 FCPATH\index.php(59): CodeIgniter\Boot::bootWeb(Object(Config\Paths))
INFO - 2025-09-06 10:42:14 --> Search term: طا
INFO - 2025-09-06 10:42:14 --> Search term: طاب
INFO - 2025-09-06 10:42:16 --> Search term: طابع
INFO - 2025-09-06 10:42:54 --> Employee search started for: 12345
INFO - 2025-09-06 10:42:56 --> Employee search result: null
INFO - 2025-09-06 10:42:58 --> Employee search started for: 123456
INFO - 2025-09-06 10:43:00 --> Employee search result: {"id":"7","emp_id":"123456","name":"\u0623\u062d\u0645\u062f \u0645\u062d\u0645\u062f","emp_dept":"\u062a\u0642\u0646\u064a\u0629 \u0627\u0644\u0645\u0639\u0644\u0648\u0645\u0627\u062a","emp_ext":"1234","email":"test@test.com","password":"123456","created_at":{"date":"2025-09-06 10:54:44.000000","timezone_type":3,"timezone":"UTC"},"updated_at":{"date":"2025-09-06 13:10:16.000000","timezone_type":3,"timezone":"UTC"}}
CRITICAL - 2025-09-06 10:43:00 --> Error: Cannot use object of type App\Entities\Employee as array
[Method: GET, Route: OrderController/searchemployee]
in APPPATH\Controllers\OrderController.php on line 114.
 1 SYSTEMPATH\CodeIgniter.php(933): App\Controllers\OrderController->searchemployee()
 2 SYSTEMPATH\CodeIgniter.php(507): CodeIgniter\CodeIgniter->runController(Object(App\Controllers\OrderController))
 3 SYSTEMPATH\CodeIgniter.php(354): CodeIgniter\CodeIgniter->handleRequest(null, Object(Config\Cache), false)
 4 SYSTEMPATH\Boot.php(334): CodeIgniter\CodeIgniter->run()
 5 SYSTEMPATH\Boot.php(67): CodeIgniter\Boot::runCodeIgniter(Object(CodeIgniter\CodeIgniter))
 6 FCPATH\index.php(59): CodeIgniter\Boot::bootWeb(Object(Config\Paths))
CRITICAL - 2025-09-06 10:43:30 --> Error: Cannot use object of type App\Entities\Items as array
[Method: POST, Route: OrderController/store]
in APPPATH\Controllers\OrderController.php on line 375.
 1 SYSTEMPATH\CodeIgniter.php(933): App\Controllers\OrderController->store()
 2 SYSTEMPATH\CodeIgniter.php(507): CodeIgniter\CodeIgniter->runController(Object(App\Controllers\OrderController))
 3 SYSTEMPATH\CodeIgniter.php(354): CodeIgniter\CodeIgniter->handleRequest(null, Object(Config\Cache), false)
 4 SYSTEMPATH\Boot.php(334): CodeIgniter\CodeIgniter->run()
 5 SYSTEMPATH\Boot.php(67): CodeIgniter\Boot::runCodeIgniter(Object(CodeIgniter\CodeIgniter))
 6 FCPATH\index.php(59): CodeIgniter\Boot::bootWeb(Object(Config\Paths))
INFO - 2025-09-06 10:49:18 --> Employee search started for: 123456
INFO - 2025-09-06 10:49:20 --> Employee search result: {"id":"7","emp_id":"123456","name":"\u0623\u062d\u0645\u062f \u0645\u062d\u0645\u062f","emp_dept":"\u062a\u0642\u0646\u064a\u0629 \u0627\u0644\u0645\u0639\u0644\u0648\u0645\u0627\u062a","emp_ext":"1234","email":"test@test.com","password":"123456","created_at":{"date":"2025-09-06 10:54:44.000000","timezone_type":3,"timezone":"UTC"},"updated_at":{"date":"2025-09-06 13:10:16.000000","timezone_type":3,"timezone":"UTC"}}
CRITICAL - 2025-09-06 10:49:20 --> Error: Cannot use object of type App\Entities\Employee as array
[Method: GET, Route: OrderController/searchemployee]
in APPPATH\Controllers\OrderController.php on line 114.
 1 SYSTEMPATH\CodeIgniter.php(933): App\Controllers\OrderController->searchemployee()
 2 SYSTEMPATH\CodeIgniter.php(507): CodeIgniter\CodeIgniter->runController(Object(App\Controllers\OrderController))
 3 SYSTEMPATH\CodeIgniter.php(354): CodeIgniter\CodeIgniter->handleRequest(null, Object(Config\Cache), false)
 4 SYSTEMPATH\Boot.php(334): CodeIgniter\CodeIgniter->run()
 5 SYSTEMPATH\Boot.php(67): CodeIgniter\Boot::runCodeIgniter(Object(CodeIgniter\CodeIgniter))
 6 FCPATH\index.php(59): CodeIgniter\Boot::bootWeb(Object(Config\Paths))
INFO - 2025-09-06 10:58:16 --> Search term: كر
INFO - 2025-09-06 10:58:17 --> Search term: كرس
INFO - 2025-09-06 10:58:17 --> Search term: كرسي
INFO - 2025-09-06 10:58:38 --> Employee search started for: EMP001
INFO - 2025-09-06 10:58:41 --> Employee search result: {"id":"1","emp_id":"EMP001","name":"\u0623\u062d\u0645\u062f \u0645\u062d\u0645\u062f \u0627\u0644\u0623\u062d\u0645\u062f","emp_dept":"\u062a\u0642\u0646\u064a\u0629 \u0627\u0644\u0645\u0639\u0644\u0648\u0645\u0627\u062a","emp_ext":"1001","email":"ahmed@company.com","password":"$2y$10$1E\/C15MEE8TZ..qAkdK2k.OKLkbgpSKkEoYHpNY\/J96xgDB7yYFyO","created_at":{"date":"2025-09-02 21:15:07.000000","timezone_type":3,"timezone":"UTC"},"updated_at":{"date":"2025-09-02 21:15:07.000000","timezone_type":3,"timezone":"UTC"}}
CRITICAL - 2025-09-06 10:58:41 --> Error: Cannot use object of type App\Entities\Employee as array
[Method: GET, Route: ordercontroller/searchemployee]
in APPPATH\Controllers\OrderController.php on line 114.
 1 SYSTEMPATH\CodeIgniter.php(933): App\Controllers\OrderController->searchemployee()
 2 SYSTEMPATH\CodeIgniter.php(507): CodeIgniter\CodeIgniter->runController(Object(App\Controllers\OrderController))
 3 SYSTEMPATH\CodeIgniter.php(354): CodeIgniter\CodeIgniter->handleRequest(null, Object(Config\Cache), false)
 4 SYSTEMPATH\Boot.php(334): CodeIgniter\CodeIgniter->run()
 5 SYSTEMPATH\Boot.php(67): CodeIgniter\Boot::runCodeIgniter(Object(CodeIgniter\CodeIgniter))
 6 FCPATH\index.php(59): CodeIgniter\Boot::bootWeb(Object(Config\Paths))
INFO - 2025-09-06 11:00:29 --> Employee search started for: EMP00
INFO - 2025-09-06 11:00:31 --> Employee search result: null
INFO - 2025-09-06 11:00:38 --> Employee search started for: EMP001
INFO - 2025-09-06 11:00:40 --> Employee search result: {"id":"1","emp_id":"EMP001","name":"\u0623\u062d\u0645\u062f \u0645\u062d\u0645\u062f \u0627\u0644\u0623\u062d\u0645\u062f","emp_dept":"\u062a\u0642\u0646\u064a\u0629 \u0627\u0644\u0645\u0639\u0644\u0648\u0645\u0627\u062a","emp_ext":"1001","email":"ahmed@company.com","password":"$2y$10$1E\/C15MEE8TZ..qAkdK2k.OKLkbgpSKkEoYHpNY\/J96xgDB7yYFyO","created_at":{"date":"2025-09-02 21:15:07.000000","timezone_type":3,"timezone":"UTC"},"updated_at":{"date":"2025-09-02 21:15:07.000000","timezone_type":3,"timezone":"UTC"}}
CRITICAL - 2025-09-06 11:00:40 --> Error: Cannot use object of type App\Entities\Employee as array
[Method: GET, Route: ordercontroller/searchemployee]
in APPPATH\Controllers\OrderController.php on line 114.
 1 SYSTEMPATH\CodeIgniter.php(933): App\Controllers\OrderController->searchemployee()
 2 SYSTEMPATH\CodeIgniter.php(507): CodeIgniter\CodeIgniter->runController(Object(App\Controllers\OrderController))
 3 SYSTEMPATH\CodeIgniter.php(354): CodeIgniter\CodeIgniter->handleRequest(null, Object(Config\Cache), false)
 4 SYSTEMPATH\Boot.php(334): CodeIgniter\CodeIgniter->run()
 5 SYSTEMPATH\Boot.php(67): CodeIgniter\Boot::runCodeIgniter(Object(CodeIgniter\CodeIgniter))
 6 FCPATH\index.php(59): CodeIgniter\Boot::bootWeb(Object(Config\Paths))
INFO - 2025-09-06 11:06:47 --> Search term: كر
INFO - 2025-09-06 11:06:48 --> Search term: كرا
INFO - 2025-09-06 11:06:51 --> Search term: كر
INFO - 2025-09-06 11:07:11 --> Employee search started for: EMP001
INFO - 2025-09-06 11:07:13 --> Employee search result: {"id":"1","emp_id":"EMP001","name":"\u0623\u062d\u0645\u062f \u0645\u062d\u0645\u062f \u0627\u0644\u0623\u062d\u0645\u062f","emp_dept":"\u062a\u0642\u0646\u064a\u0629 \u0627\u0644\u0645\u0639\u0644\u0648\u0645\u0627\u062a","emp_ext":"1001","email":"ahmed@company.com","password":"$2y$10$1E\/C15MEE8TZ..qAkdK2k.OKLkbgpSKkEoYHpNY\/J96xgDB7yYFyO","created_at":{"date":"2025-09-02 21:15:07.000000","timezone_type":3,"timezone":"UTC"},"updated_at":{"date":"2025-09-02 21:15:07.000000","timezone_type":3,"timezone":"UTC"}}
CRITICAL - 2025-09-06 11:07:13 --> Error: Cannot use object of type App\Entities\Employee as array
[Method: GET, Route: ordercontroller/searchemployee]
in APPPATH\Controllers\OrderController.php on line 114.
 1 SYSTEMPATH\CodeIgniter.php(933): App\Controllers\OrderController->searchemployee()
 2 SYSTEMPATH\CodeIgniter.php(507): CodeIgniter\CodeIgniter->runController(Object(App\Controllers\OrderController))
 3 SYSTEMPATH\CodeIgniter.php(354): CodeIgniter\CodeIgniter->handleRequest(null, Object(Config\Cache), false)
 4 SYSTEMPATH\Boot.php(334): CodeIgniter\CodeIgniter->run()
 5 SYSTEMPATH\Boot.php(67): CodeIgniter\Boot::runCodeIgniter(Object(CodeIgniter\CodeIgniter))
 6 FCPATH\index.php(59): CodeIgniter\Boot::bootWeb(Object(Config\Paths))
INFO - 2025-09-06 11:09:00 --> Employee search started for: 123456
INFO - 2025-09-06 11:09:02 --> Employee search result: {"id":"7","emp_id":"123456","name":"\u0623\u062d\u0645\u062f \u0645\u062d\u0645\u062f","emp_dept":"\u062a\u0642\u0646\u064a\u0629 \u0627\u0644\u0645\u0639\u0644\u0648\u0645\u0627\u062a","emp_ext":"1234","email":"test@test.com","password":"123456","created_at":{"date":"2025-09-06 10:54:44.000000","timezone_type":3,"timezone":"UTC"},"updated_at":{"date":"2025-09-06 13:10:16.000000","timezone_type":3,"timezone":"UTC"}}
CRITICAL - 2025-09-06 11:09:02 --> Error: Cannot use object of type App\Entities\Employee as array
[Method: GET, Route: OrderController/searchemployee]
in APPPATH\Controllers\OrderController.php on line 114.
 1 SYSTEMPATH\CodeIgniter.php(933): App\Controllers\OrderController->searchemployee()
 2 SYSTEMPATH\CodeIgniter.php(507): CodeIgniter\CodeIgniter->runController(Object(App\Controllers\OrderController))
 3 SYSTEMPATH\CodeIgniter.php(354): CodeIgniter\CodeIgniter->handleRequest(null, Object(Config\Cache), false)
 4 SYSTEMPATH\Boot.php(334): CodeIgniter\CodeIgniter->run()
 5 SYSTEMPATH\Boot.php(67): CodeIgniter\Boot::runCodeIgniter(Object(CodeIgniter\CodeIgniter))
 6 FCPATH\index.php(59): CodeIgniter\Boot::bootWeb(Object(Config\Paths))
INFO - 2025-09-06 11:12:41 --> Employee search started for: 123456
INFO - 2025-09-06 11:12:43 --> Employee search result: {"id":"7","emp_id":"123456","name":"\u0623\u062d\u0645\u062f \u0645\u062d\u0645\u062f","emp_dept":"\u062a\u0642\u0646\u064a\u0629 \u0627\u0644\u0645\u0639\u0644\u0648\u0645\u0627\u062a","emp_ext":"1234","email":"test@test.com","password":"123456","created_at":{"date":"2025-09-06 10:54:44.000000","timezone_type":3,"timezone":"UTC"},"updated_at":{"date":"2025-09-06 13:10:16.000000","timezone_type":3,"timezone":"UTC"}}
INFO - 2025-09-06 11:12:56 --> Search term: كر
INFO - 2025-09-06 11:12:56 --> Search term: كرس
INFO - 2025-09-06 11:13:16 --> Employee search started for: EMP001
INFO - 2025-09-06 11:13:18 --> Employee search result: {"id":"1","emp_id":"EMP001","name":"\u0623\u062d\u0645\u062f \u0645\u062d\u0645\u062f \u0627\u0644\u0623\u062d\u0645\u062f","emp_dept":"\u062a\u0642\u0646\u064a\u0629 \u0627\u0644\u0645\u0639\u0644\u0648\u0645\u0627\u062a","emp_ext":"1001","email":"ahmed@company.com","password":"$2y$10$1E\/C15MEE8TZ..qAkdK2k.OKLkbgpSKkEoYHpNY\/J96xgDB7yYFyO","created_at":{"date":"2025-09-02 21:15:07.000000","timezone_type":3,"timezone":"UTC"},"updated_at":{"date":"2025-09-02 21:15:07.000000","timezone_type":3,"timezone":"UTC"}}
CRITICAL - 2025-09-06 11:15:42 --> Error: Cannot use object of type App\Entities\Items as array
[Method: POST, Route: ordercontroller/store]
in APPPATH\Controllers\OrderController.php on line 375.
 1 SYSTEMPATH\CodeIgniter.php(933): App\Controllers\OrderController->store()
 2 SYSTEMPATH\CodeIgniter.php(507): CodeIgniter\CodeIgniter->runController(Object(App\Controllers\OrderController))
 3 SYSTEMPATH\CodeIgniter.php(354): CodeIgniter\CodeIgniter->handleRequest(null, Object(Config\Cache), false)
 4 SYSTEMPATH\Boot.php(334): CodeIgniter\CodeIgniter->run()
 5 SYSTEMPATH\Boot.php(67): CodeIgniter\Boot::runCodeIgniter(Object(CodeIgniter\CodeIgniter))
 6 FCPATH\index.php(59): CodeIgniter\Boot::bootWeb(Object(Config\Paths))
INFO - 2025-09-06 11:23:25 --> Search term: طا
INFO - 2025-09-06 11:23:25 --> Search term: طاب
INFO - 2025-09-06 11:24:11 --> Employee search started for: 123456
INFO - 2025-09-06 11:24:13 --> Employee search result: {"id":"7","emp_id":"123456","name":"\u0623\u062d\u0645\u062f \u0645\u062d\u0645\u062f","emp_dept":"\u062a\u0642\u0646\u064a\u0629 \u0627\u0644\u0645\u0639\u0644\u0648\u0645\u0627\u062a","emp_ext":"1234","email":"test@test.com","password":"123456","created_at":{"date":"2025-09-06 10:54:44.000000","timezone_type":3,"timezone":"UTC"},"updated_at":{"date":"2025-09-06 13:10:16.000000","timezone_type":3,"timezone":"UTC"}}
INFO - 2025-09-06 11:30:51 --> Search term: كر
INFO - 2025-09-06 11:30:51 --> Search term: كرس
INFO - 2025-09-06 11:31:01 --> Employee search started for: 123456
INFO - 2025-09-06 11:31:03 --> Employee search result: {"id":"7","emp_id":"123456","name":"\u0623\u062d\u0645\u062f \u0645\u062d\u0645\u062f","emp_dept":"\u062a\u0642\u0646\u064a\u0629 \u0627\u0644\u0645\u0639\u0644\u0648\u0645\u0627\u062a","emp_ext":"1234","email":"test@test.com","password":"123456","created_at":{"date":"2025-09-06 10:54:44.000000","timezone_type":3,"timezone":"UTC"},"updated_at":{"date":"2025-09-06 13:10:16.000000","timezone_type":3,"timezone":"UTC"}}
INFO - 2025-09-06 11:35:48 --> Search term: كم
INFO - 2025-09-06 11:35:50 --> Search term: كمب
INFO - 2025-09-06 11:36:08 --> Employee search started for: EMP001
INFO - 2025-09-06 11:36:10 --> Employee search result: {"id":"1","emp_id":"EMP001","name":"\u0623\u062d\u0645\u062f \u0645\u062d\u0645\u062f \u0627\u0644\u0623\u062d\u0645\u062f","emp_dept":"\u062a\u0642\u0646\u064a\u0629 \u0627\u0644\u0645\u0639\u0644\u0648\u0645\u0627\u062a","emp_ext":"1001","email":"ahmed@company.com","password":"$2y$10$1E\/C15MEE8TZ..qAkdK2k.OKLkbgpSKkEoYHpNY\/J96xgDB7yYFyO","created_at":{"date":"2025-09-02 21:15:07.000000","timezone_type":3,"timezone":"UTC"},"updated_at":{"date":"2025-09-02 21:15:07.000000","timezone_type":3,"timezone":"UTC"}}
INFO - 2025-09-06 11:38:20 --> Search term: خش
INFO - 2025-09-06 11:38:21 --> Search term: خشب
INFO - 2025-09-06 11:38:46 --> Employee search started for: 123456
INFO - 2025-09-06 11:38:48 --> Employee search result: {"id":"7","emp_id":"123456","name":"\u0623\u062d\u0645\u062f \u0645\u062d\u0645\u062f","emp_dept":"\u062a\u0642\u0646\u064a\u0629 \u0627\u0644\u0645\u0639\u0644\u0648\u0645\u0627\u062a","emp_ext":"1234","email":"test@test.com","password":"123456","created_at":{"date":"2025-09-06 10:54:44.000000","timezone_type":3,"timezone":"UTC"},"updated_at":{"date":"2025-09-06 13:10:16.000000","timezone_type":3,"timezone":"UTC"}}
INFO - 2025-09-06 11:38:53 --> Employee search started for: 123
INFO - 2025-09-06 11:38:55 --> Employee search result: null
INFO - 2025-09-06 11:39:00 --> Employee search started for: EMP001
INFO - 2025-09-06 11:39:02 --> Employee search result: {"id":"1","emp_id":"EMP001","name":"\u0623\u062d\u0645\u062f \u0645\u062d\u0645\u062f \u0627\u0644\u0623\u062d\u0645\u062f","emp_dept":"\u062a\u0642\u0646\u064a\u0629 \u0627\u0644\u0645\u0639\u0644\u0648\u0645\u0627\u062a","emp_ext":"1001","email":"ahmed@company.com","password":"$2y$10$1E\/C15MEE8TZ..qAkdK2k.OKLkbgpSKkEoYHpNY\/J96xgDB7yYFyO","created_at":{"date":"2025-09-02 21:15:07.000000","timezone_type":3,"timezone":"UTC"},"updated_at":{"date":"2025-09-02 21:15:07.000000","timezone_type":3,"timezone":"UTC"}}
INFO - 2025-09-06 11:39:03 --> Employee search started for: EMP00
INFO - 2025-09-06 11:39:04 --> Employee search started for: EMP003
INFO - 2025-09-06 11:39:05 --> Employee search result: null
INFO - 2025-09-06 11:39:06 --> Employee search result: {"id":"3","emp_id":"EMP003","name":"\u0645\u062d\u0645\u062f \u0633\u0639\u062f \u0627\u0644\u063a\u0627\u0645\u062f\u064a","emp_dept":"\u0627\u0644\u0645\u0648\u0627\u0631\u062f \u0627\u0644\u0628\u0634\u0631\u064a\u0629","emp_ext":"1003","email":"mohammed@company.com","password":"$2y$10$MLLjEYnaEBMsELqQ0KOr4O6vOhziDSq2ZTZ5DQaw9wwiniDgCOCya","created_at":{"date":"2025-09-02 21:15:07.000000","timezone_type":3,"timezone":"UTC"},"updated_at":{"date":"2025-09-02 21:15:07.000000","timezone_type":3,"timezone":"UTC"}}
DEBUG - 2025-09-06 11:51:45 --> Session: Class initialized using 'CodeIgniter\Session\Handlers\FileHandler' driver.
DEBUG - 2025-09-06 11:51:49 --> Session: Class initialized using 'CodeIgniter\Session\Handlers\FileHandler' driver.
DEBUG - 2025-09-06 11:51:49 --> Session: Class initialized using 'CodeIgniter\Session\Handlers\FileHandler' driver.
DEBUG - 2025-09-06 11:51:55 --> Session: Class initialized using 'CodeIgniter\Session\Handlers\FileHandler' driver.
CRITICAL - 2025-09-06 12:06:48 --> ArgumentCountError: Too few arguments to function App\Controllers\warehouse::edit(), 0 passed in C:\xampp\htdocs\ci43\system\CodeIgniter.php on line 933 and exactly 1 expected
[Method: GET, Route: warehouse/edit]
in APPPATH\Controllers\warehouse.php on line 163.
 1 SYSTEMPATH\CodeIgniter.php(933): App\Controllers\warehouse->edit()
 2 SYSTEMPATH\CodeIgniter.php(507): CodeIgniter\CodeIgniter->runController(Object(App\Controllers\warehouse))
 3 SYSTEMPATH\CodeIgniter.php(354): CodeIgniter\CodeIgniter->handleRequest(null, Object(Config\Cache), false)
 4 SYSTEMPATH\Boot.php(334): CodeIgniter\CodeIgniter->run()
 5 SYSTEMPATH\Boot.php(67): CodeIgniter\Boot::runCodeIgniter(Object(CodeIgniter\CodeIgniter))
 6 FCPATH\index.php(59): CodeIgniter\Boot::bootWeb(Object(Config\Paths))
DEBUG - 2025-09-06 12:06:54 --> Session: Class initialized using 'CodeIgniter\Session\Handlers\FileHandler' driver.
INFO - 2025-09-06 12:16:43 --> Search term: كر
INFO - 2025-09-06 12:16:44 --> Search term: كرس
INFO - 2025-09-06 12:18:58 --> Search term: طا
INFO - 2025-09-06 12:18:58 --> Search term: طاب
INFO - 2025-09-06 12:26:59 --> Search term: كر
INFO - 2025-09-06 12:26:59 --> Search term: كرس
INFO - 2025-09-06 12:27:00 --> Search term: كرسي
INFO - 2025-09-06 12:29:41 --> Search term: كر
INFO - 2025-09-06 12:29:41 --> Search term: كرس
DEBUG - 2025-09-06 12:43:05 --> Session: Class initialized using 'CodeIgniter\Session\Handlers\FileHandler' driver.
INFO - 2025-09-06 12:48:00 --> Search term: كر
INFO - 2025-09-06 12:48:01 --> Search term: كرس
INFO - 2025-09-06 12:48:51 --> Employee search started for: EMP001
INFO - 2025-09-06 12:48:53 --> Employee search result: {"id":"1","emp_id":"EMP001","name":"\u0623\u062d\u0645\u062f \u0645\u062d\u0645\u062f \u0627\u0644\u0623\u062d\u0645\u062f","emp_dept":"\u062a\u0642\u0646\u064a\u0629 \u0627\u0644\u0645\u0639\u0644\u0648\u0645\u0627\u062a","emp_ext":"1001","email":"ahmed@company.com","password":"$2y$10$1E\/C15MEE8TZ..qAkdK2k.OKLkbgpSKkEoYHpNY\/J96xgDB7yYFyO","created_at":{"date":"2025-09-02 21:15:07.000000","timezone_type":3,"timezone":"UTC"},"updated_at":{"date":"2025-09-02 21:15:07.000000","timezone_type":3,"timezone":"UTC"}}
INFO - 2025-09-06 12:48:58 --> Employee search started for: EMP00
INFO - 2025-09-06 12:49:00 --> Employee search result: null
INFO - 2025-09-06 12:49:00 --> Employee search started for: EMP003
INFO - 2025-09-06 12:49:02 --> Employee search result: {"id":"3","emp_id":"EMP003","name":"\u0645\u062d\u0645\u062f \u0633\u0639\u062f \u0627\u0644\u063a\u0627\u0645\u062f\u064a","emp_dept":"\u0627\u0644\u0645\u0648\u0627\u0631\u062f \u0627\u0644\u0628\u0634\u0631\u064a\u0629","emp_ext":"1003","email":"mohammed@company.com","password":"$2y$10$MLLjEYnaEBMsELqQ0KOr4O6vOhziDSq2ZTZ5DQaw9wwiniDgCOCya","created_at":{"date":"2025-09-02 21:15:07.000000","timezone_type":3,"timezone":"UTC"},"updated_at":{"date":"2025-09-02 21:15:07.000000","timezone_type":3,"timezone":"UTC"}}
DEBUG - 2025-09-06 12:50:39 --> Session: Class initialized using 'CodeIgniter\Session\Handlers\FileHandler' driver.
DEBUG - 2025-09-06 12:50:43 --> Session: Class initialized using 'CodeIgniter\Session\Handlers\FileHandler' driver.
DEBUG - 2025-09-06 12:50:44 --> Session: Class initialized using 'CodeIgniter\Session\Handlers\FileHandler' driver.
DEBUG - 2025-09-06 12:50:49 --> Session: Class initialized using 'CodeIgniter\Session\Handlers\FileHandler' driver.
